2018-06-13 13:37:32,527   [DUBBO] Failed to start NettyClient FantJ/192.168.218.1 connect to the server /172.31.234.97:20883 (check == false, ignore and retry later!), cause: client(url: dubbo://172.31.234.97:20883/com.tyut.notice.service.CompetitionService?anyhost=true&application=user-web&check=false&codec=dubbo&dubbo=2.5.3&heartbeat=60000&interface=com.tyut.notice.service.CompetitionService&methods=selectTitleList,selectById&pid=5712&revision=2.0.0&side=consumer&timestamp=1528868250177&version=2.0.0) failed to connect to server /172.31.234.97:20883, error message is:connection timed out, dubbo version: 2.5.3, current host: 192.168.218.1
com.alibaba.dubbo.remoting.RemotingException: client(url: dubbo://172.31.234.97:20883/com.tyut.notice.service.CompetitionService?anyhost=true&application=user-web&check=false&codec=dubbo&dubbo=2.5.3&heartbeat=60000&interface=com.tyut.notice.service.CompetitionService&methods=selectTitleList,selectById&pid=5712&revision=2.0.0&side=consumer&timestamp=1528868250177&version=2.0.0) failed to connect to server /172.31.234.97:20883, error message is:connection timed out
	at com.alibaba.dubbo.remoting.transport.netty.NettyClient.doConnect(NettyClient.java:124)
	at com.alibaba.dubbo.remoting.transport.AbstractClient.connect(AbstractClient.java:280)
	at com.alibaba.dubbo.remoting.transport.AbstractClient.<init>(AbstractClient.java:103)
	at com.alibaba.dubbo.remoting.transport.netty.NettyClient.<init>(NettyClient.java:61)
	at com.alibaba.dubbo.remoting.transport.netty.NettyTransporter.connect(NettyTransporter.java:37)
	at com.alibaba.dubbo.remoting.Transporter$Adpative.connect(Transporter$Adpative.java)
	at com.alibaba.dubbo.remoting.Transporters.connect(Transporters.java:67)
	at com.alibaba.dubbo.remoting.exchange.support.header.HeaderExchanger.connect(HeaderExchanger.java:37)
	at com.alibaba.dubbo.remoting.exchange.Exchangers.connect(Exchangers.java:102)
	at com.alibaba.dubbo.rpc.protocol.dubbo.DubboProtocol.initClient(DubboProtocol.java:378)
	at com.alibaba.dubbo.rpc.protocol.dubbo.DubboProtocol.getSharedClient(DubboProtocol.java:344)
	at com.alibaba.dubbo.rpc.protocol.dubbo.DubboProtocol.getClients(DubboProtocol.java:321)
	at com.alibaba.dubbo.rpc.protocol.dubbo.DubboProtocol.refer(DubboProtocol.java:303)
	at com.alibaba.dubbo.rpc.protocol.ProtocolListenerWrapper.refer(ProtocolListenerWrapper.java:65)
	at com.alibaba.dubbo.rpc.protocol.ProtocolFilterWrapper.refer(ProtocolFilterWrapper.java:62)
	at com.alibaba.dubbo.rpc.Protocol$Adpative.refer(Protocol$Adpative.java)
	at com.alibaba.dubbo.registry.integration.RegistryDirectory.toInvokers(RegistryDirectory.java:395)
	at com.alibaba.dubbo.registry.integration.RegistryDirectory.refreshInvoker(RegistryDirectory.java:224)
	at com.alibaba.dubbo.registry.integration.RegistryDirectory.notify(RegistryDirectory.java:195)
	at com.alibaba.dubbo.registry.support.AbstractRegistry.notify(AbstractRegistry.java:449)
	at com.alibaba.dubbo.registry.support.FailbackRegistry.doNotify(FailbackRegistry.java:273)
	at com.alibaba.dubbo.registry.support.FailbackRegistry.notify(FailbackRegistry.java:259)
	at com.alibaba.dubbo.registry.zookeeper.ZookeeperRegistry.doSubscribe(ZookeeperRegistry.java:170)
	at com.alibaba.dubbo.registry.support.FailbackRegistry.subscribe(FailbackRegistry.java:189)
	at com.alibaba.dubbo.registry.integration.RegistryDirectory.subscribe(RegistryDirectory.java:133)
	at com.alibaba.dubbo.registry.integration.RegistryProtocol.doRefer(RegistryProtocol.java:271)
	at com.alibaba.dubbo.registry.integration.RegistryProtocol.refer(RegistryProtocol.java:254)
	at com.alibaba.dubbo.rpc.protocol.ProtocolListenerWrapper.refer(ProtocolListenerWrapper.java:63)
	at com.alibaba.dubbo.rpc.protocol.ProtocolFilterWrapper.refer(ProtocolFilterWrapper.java:60)
	at com.alibaba.dubbo.rpc.Protocol$Adpative.refer(Protocol$Adpative.java)
	at com.alibaba.dubbo.config.ReferenceConfig.createProxy(ReferenceConfig.java:392)
	at com.alibaba.dubbo.config.ReferenceConfig.init(ReferenceConfig.java:300)
	at com.alibaba.dubbo.config.ReferenceConfig.get(ReferenceConfig.java:138)
	at com.alibaba.dubbo.config.spring.AnnotationBean.refer(AnnotationBean.java:302)
	at com.alibaba.dubbo.config.spring.AnnotationBean.postProcessBeforeInitialization(AnnotationBean.java:233)
	at org.springframework.beans.factory.support.AbstractAutowireCapableBeanFactory.applyBeanPostProcessorsBeforeInitialization(AbstractAutowireCapableBeanFactory.java:409)
	at org.springframework.beans.factory.support.AbstractAutowireCapableBeanFactory.initializeBean(AbstractAutowireCapableBeanFactory.java:1620)
	at org.springframework.beans.factory.support.AbstractAutowireCapableBeanFactory.doCreateBean(AbstractAutowireCapableBeanFactory.java:555)
	at org.springframework.beans.factory.support.AbstractAutowireCapableBeanFactory.createBean(AbstractAutowireCapableBeanFactory.java:483)
	at org.springframework.beans.factory.support.AbstractBeanFactory$1.getObject(AbstractBeanFactory.java:306)
	at org.springframework.beans.factory.support.DefaultSingletonBeanRegistry.getSingleton(DefaultSingletonBeanRegistry.java:230)
	at org.springframework.beans.factory.support.AbstractBeanFactory.doGetBean(AbstractBeanFactory.java:302)
	at org.springframework.beans.factory.support.AbstractBeanFactory.getBean(AbstractBeanFactory.java:197)
	at org.springframework.beans.factory.support.DefaultListableBeanFactory.preInstantiateSingletons(DefaultListableBeanFactory.java:761)
	at org.springframework.context.support.AbstractApplicationContext.finishBeanFactoryInitialization(AbstractApplicationContext.java:867)
	at org.springframework.context.support.AbstractApplicationContext.refresh(AbstractApplicationContext.java:543)
	at org.springframework.boot.context.embedded.EmbeddedWebApplicationContext.refresh(EmbeddedWebApplicationContext.java:122)
	at org.springframework.boot.SpringApplication.refresh(SpringApplication.java:693)
	at org.springframework.boot.SpringApplication.refreshContext(SpringApplication.java:360)
	at org.springframework.boot.SpringApplication.run(SpringApplication.java:303)
	at org.springframework.boot.SpringApplication.run(SpringApplication.java:1118)
	at org.springframework.boot.SpringApplication.run(SpringApplication.java:1107)
	at com.tyut.web.Web.main(Web.java:16)
Caused by: java.net.ConnectException: connection timed out
	at org.jboss.netty.channel.socket.nio.NioClientSocketPipelineSink$Boss.processConnectTimeout(NioClientSocketPipelineSink.java:371)
	at org.jboss.netty.channel.socket.nio.NioClientSocketPipelineSink$Boss.run(NioClientSocketPipelineSink.java:283)
	at java.util.concurrent.ThreadPoolExecutor.runWorker(ThreadPoolExecutor.java:1149)
	at java.util.concurrent.ThreadPoolExecutor$Worker.run(ThreadPoolExecutor.java:624)
	at java.lang.Thread.run(Thread.java:748)
2018-06-13 13:37:32,591   [DUBBO] Failed to init remote service reference at filed competitionService in class com.tyut.web.controller.CompetitionController, cause: Failed to check the status of the service com.tyut.notice.service.CompetitionService. No provider available for the service com.tyut.notice.service.CompetitionService:2.0.0 from the url zookeeper://47.104.209.96:2181/com.alibaba.dubbo.registry.RegistryService?anyhost=true&application=user-web&check=false&dubbo=2.5.3&interface=com.tyut.notice.service.CompetitionService&methods=selectTitleList,selectById&pid=5712&revision=2.0.0&side=consumer&timestamp=1528868250177&version=2.0.0 to the consumer 192.168.218.1 use dubbo version 2.5.3, dubbo version: 2.5.3, current host: 192.168.218.1
java.lang.IllegalStateException: Failed to check the status of the service com.tyut.notice.service.CompetitionService. No provider available for the service com.tyut.notice.service.CompetitionService:2.0.0 from the url zookeeper://47.104.209.96:2181/com.alibaba.dubbo.registry.RegistryService?anyhost=true&application=user-web&check=false&dubbo=2.5.3&interface=com.tyut.notice.service.CompetitionService&methods=selectTitleList,selectById&pid=5712&revision=2.0.0&side=consumer&timestamp=1528868250177&version=2.0.0 to the consumer 192.168.218.1 use dubbo version 2.5.3
	at com.alibaba.dubbo.config.ReferenceConfig.createProxy(ReferenceConfig.java:420)
	at com.alibaba.dubbo.config.ReferenceConfig.init(ReferenceConfig.java:300)
	at com.alibaba.dubbo.config.ReferenceConfig.get(ReferenceConfig.java:138)
	at com.alibaba.dubbo.config.spring.AnnotationBean.refer(AnnotationBean.java:302)
	at com.alibaba.dubbo.config.spring.AnnotationBean.postProcessBeforeInitialization(AnnotationBean.java:233)
	at org.springframework.beans.factory.support.AbstractAutowireCapableBeanFactory.applyBeanPostProcessorsBeforeInitialization(AbstractAutowireCapableBeanFactory.java:409)
	at org.springframework.beans.factory.support.AbstractAutowireCapableBeanFactory.initializeBean(AbstractAutowireCapableBeanFactory.java:1620)
	at org.springframework.beans.factory.support.AbstractAutowireCapableBeanFactory.doCreateBean(AbstractAutowireCapableBeanFactory.java:555)
	at org.springframework.beans.factory.support.AbstractAutowireCapableBeanFactory.createBean(AbstractAutowireCapableBeanFactory.java:483)
	at org.springframework.beans.factory.support.AbstractBeanFactory$1.getObject(AbstractBeanFactory.java:306)
	at org.springframework.beans.factory.support.DefaultSingletonBeanRegistry.getSingleton(DefaultSingletonBeanRegistry.java:230)
	at org.springframework.beans.factory.support.AbstractBeanFactory.doGetBean(AbstractBeanFactory.java:302)
	at org.springframework.beans.factory.support.AbstractBeanFactory.getBean(AbstractBeanFactory.java:197)
	at org.springframework.beans.factory.support.DefaultListableBeanFactory.preInstantiateSingletons(DefaultListableBeanFactory.java:761)
	at org.springframework.context.support.AbstractApplicationContext.finishBeanFactoryInitialization(AbstractApplicationContext.java:867)
	at org.springframework.context.support.AbstractApplicationContext.refresh(AbstractApplicationContext.java:543)
	at org.springframework.boot.context.embedded.EmbeddedWebApplicationContext.refresh(EmbeddedWebApplicationContext.java:122)
	at org.springframework.boot.SpringApplication.refresh(SpringApplication.java:693)
	at org.springframework.boot.SpringApplication.refreshContext(SpringApplication.java:360)
	at org.springframework.boot.SpringApplication.run(SpringApplication.java:303)
	at org.springframework.boot.SpringApplication.run(SpringApplication.java:1118)
	at org.springframework.boot.SpringApplication.run(SpringApplication.java:1107)
	at com.tyut.web.Web.main(Web.java:16)
2018-06-13 13:37:34,469   [DUBBO] Failed to start NettyClient FantJ/192.168.218.1 connect to the server /172.31.234.97:20880 (check == false, ignore and retry later!), cause: client(url: dubbo://172.31.234.97:20880/com.tyut.user.service.UserEduService?anyhost=true&application=user-web&check=false&codec=dubbo&dubbo=2.0.1&generic=false&heartbeat=60000&interface=com.tyut.user.service.UserEduService&methods=getAll&pid=5712&revision=2.0.0&side=consumer&timestamp=1528868252635&version=2.0.0) failed to connect to server /172.31.234.97:20880, error message is:connection timed out, dubbo version: 2.5.3, current host: 192.168.218.1
com.alibaba.dubbo.remoting.RemotingException: client(url: dubbo://172.31.234.97:20880/com.tyut.user.service.UserEduService?anyhost=true&application=user-web&check=false&codec=dubbo&dubbo=2.0.1&generic=false&heartbeat=60000&interface=com.tyut.user.service.UserEduService&methods=getAll&pid=5712&revision=2.0.0&side=consumer&timestamp=1528868252635&version=2.0.0) failed to connect to server /172.31.234.97:20880, error message is:connection timed out
	at com.alibaba.dubbo.remoting.transport.netty.NettyClient.doConnect(NettyClient.java:124)
	at com.alibaba.dubbo.remoting.transport.AbstractClient.connect(AbstractClient.java:280)
	at com.alibaba.dubbo.remoting.transport.AbstractClient.<init>(AbstractClient.java:103)
	at com.alibaba.dubbo.remoting.transport.netty.NettyClient.<init>(NettyClient.java:61)
	at com.alibaba.dubbo.remoting.transport.netty.NettyTransporter.connect(NettyTransporter.java:37)
	at com.alibaba.dubbo.remoting.Transporter$Adpative.connect(Transporter$Adpative.java)
	at com.alibaba.dubbo.remoting.Transporters.connect(Transporters.java:67)
	at com.alibaba.dubbo.remoting.exchange.support.header.HeaderExchanger.connect(HeaderExchanger.java:37)
	at com.alibaba.dubbo.remoting.exchange.Exchangers.connect(Exchangers.java:102)
	at com.alibaba.dubbo.rpc.protocol.dubbo.DubboProtocol.initClient(DubboProtocol.java:378)
	at com.alibaba.dubbo.rpc.protocol.dubbo.DubboProtocol.getSharedClient(DubboProtocol.java:344)
	at com.alibaba.dubbo.rpc.protocol.dubbo.DubboProtocol.getClients(DubboProtocol.java:321)
	at com.alibaba.dubbo.rpc.protocol.dubbo.DubboProtocol.refer(DubboProtocol.java:303)
	at com.alibaba.dubbo.rpc.protocol.ProtocolListenerWrapper.refer(ProtocolListenerWrapper.java:65)
	at com.alibaba.dubbo.rpc.protocol.ProtocolFilterWrapper.refer(ProtocolFilterWrapper.java:62)
	at com.alibaba.dubbo.rpc.Protocol$Adpative.refer(Protocol$Adpative.java)
	at com.alibaba.dubbo.registry.integration.RegistryDirectory.toInvokers(RegistryDirectory.java:395)
	at com.alibaba.dubbo.registry.integration.RegistryDirectory.refreshInvoker(RegistryDirectory.java:224)
	at com.alibaba.dubbo.registry.integration.RegistryDirectory.notify(RegistryDirectory.java:195)
	at com.alibaba.dubbo.registry.support.AbstractRegistry.notify(AbstractRegistry.java:449)
	at com.alibaba.dubbo.registry.support.FailbackRegistry.doNotify(FailbackRegistry.java:273)
	at com.alibaba.dubbo.registry.support.FailbackRegistry.notify(FailbackRegistry.java:259)
	at com.alibaba.dubbo.registry.zookeeper.ZookeeperRegistry.doSubscribe(ZookeeperRegistry.java:170)
	at com.alibaba.dubbo.registry.support.FailbackRegistry.subscribe(FailbackRegistry.java:189)
	at com.alibaba.dubbo.registry.integration.RegistryDirectory.subscribe(RegistryDirectory.java:133)
	at com.alibaba.dubbo.registry.integration.RegistryProtocol.doRefer(RegistryProtocol.java:271)
	at com.alibaba.dubbo.registry.integration.RegistryProtocol.refer(RegistryProtocol.java:254)
	at com.alibaba.dubbo.rpc.protocol.ProtocolListenerWrapper.refer(ProtocolListenerWrapper.java:63)
	at com.alibaba.dubbo.rpc.protocol.ProtocolFilterWrapper.refer(ProtocolFilterWrapper.java:60)
	at com.alibaba.dubbo.rpc.Protocol$Adpative.refer(Protocol$Adpative.java)
	at com.alibaba.dubbo.config.ReferenceConfig.createProxy(ReferenceConfig.java:392)
	at com.alibaba.dubbo.config.ReferenceConfig.init(ReferenceConfig.java:300)
	at com.alibaba.dubbo.config.ReferenceConfig.get(ReferenceConfig.java:138)
	at com.alibaba.dubbo.config.spring.AnnotationBean.refer(AnnotationBean.java:302)
	at com.alibaba.dubbo.config.spring.AnnotationBean.postProcessBeforeInitialization(AnnotationBean.java:233)
	at org.springframework.beans.factory.support.AbstractAutowireCapableBeanFactory.applyBeanPostProcessorsBeforeInitialization(AbstractAutowireCapableBeanFactory.java:409)
	at org.springframework.beans.factory.support.AbstractAutowireCapableBeanFactory.initializeBean(AbstractAutowireCapableBeanFactory.java:1620)
	at org.springframework.beans.factory.support.AbstractAutowireCapableBeanFactory.doCreateBean(AbstractAutowireCapableBeanFactory.java:555)
	at org.springframework.beans.factory.support.AbstractAutowireCapableBeanFactory.createBean(AbstractAutowireCapableBeanFactory.java:483)
	at org.springframework.beans.factory.support.AbstractBeanFactory$1.getObject(AbstractBeanFactory.java:306)
	at org.springframework.beans.factory.support.DefaultSingletonBeanRegistry.getSingleton(DefaultSingletonBeanRegistry.java:230)
	at org.springframework.beans.factory.support.AbstractBeanFactory.doGetBean(AbstractBeanFactory.java:302)
	at org.springframework.beans.factory.support.AbstractBeanFactory.getBean(AbstractBeanFactory.java:197)
	at org.springframework.beans.factory.support.DefaultListableBeanFactory.preInstantiateSingletons(DefaultListableBeanFactory.java:761)
	at org.springframework.context.support.AbstractApplicationContext.finishBeanFactoryInitialization(AbstractApplicationContext.java:867)
	at org.springframework.context.support.AbstractApplicationContext.refresh(AbstractApplicationContext.java:543)
	at org.springframework.boot.context.embedded.EmbeddedWebApplicationContext.refresh(EmbeddedWebApplicationContext.java:122)
	at org.springframework.boot.SpringApplication.refresh(SpringApplication.java:693)
	at org.springframework.boot.SpringApplication.refreshContext(SpringApplication.java:360)
	at org.springframework.boot.SpringApplication.run(SpringApplication.java:303)
	at org.springframework.boot.SpringApplication.run(SpringApplication.java:1118)
	at org.springframework.boot.SpringApplication.run(SpringApplication.java:1107)
	at com.tyut.web.Web.main(Web.java:16)
Caused by: java.net.ConnectException: connection timed out
	at org.jboss.netty.channel.socket.nio.NioClientSocketPipelineSink$Boss.processConnectTimeout(NioClientSocketPipelineSink.java:371)
	at org.jboss.netty.channel.socket.nio.NioClientSocketPipelineSink$Boss.run(NioClientSocketPipelineSink.java:283)
	at java.util.concurrent.ThreadPoolExecutor.runWorker(ThreadPoolExecutor.java:1149)
	at java.util.concurrent.ThreadPoolExecutor$Worker.run(ThreadPoolExecutor.java:624)
	at java.lang.Thread.run(Thread.java:748)
2018-06-13 13:37:37,137   [DUBBO] Failed to init remote service reference at filed guestService in class com.tyut.web.controller.GuestController, cause: Failed to check the status of the service com.tyut.notice.service.GuestService. No provider available for the service com.tyut.notice.service.GuestService:2.0.0 from the url zookeeper://47.104.209.96:2181/com.alibaba.dubbo.registry.RegistryService?anyhost=true&application=user-web&check=false&dubbo=2.5.3&interface=com.tyut.notice.service.GuestService&methods=selectAll0,selectById,selectAll1&pid=5712&revision=2.0.0&side=consumer&timestamp=1528868256284&version=2.0.0 to the consumer 192.168.218.1 use dubbo version 2.5.3, dubbo version: 2.5.3, current host: 192.168.218.1
java.lang.IllegalStateException: Failed to check the status of the service com.tyut.notice.service.GuestService. No provider available for the service com.tyut.notice.service.GuestService:2.0.0 from the url zookeeper://47.104.209.96:2181/com.alibaba.dubbo.registry.RegistryService?anyhost=true&application=user-web&check=false&dubbo=2.5.3&interface=com.tyut.notice.service.GuestService&methods=selectAll0,selectById,selectAll1&pid=5712&revision=2.0.0&side=consumer&timestamp=1528868256284&version=2.0.0 to the consumer 192.168.218.1 use dubbo version 2.5.3
	at com.alibaba.dubbo.config.ReferenceConfig.createProxy(ReferenceConfig.java:420)
	at com.alibaba.dubbo.config.ReferenceConfig.init(ReferenceConfig.java:300)
	at com.alibaba.dubbo.config.ReferenceConfig.get(ReferenceConfig.java:138)
	at com.alibaba.dubbo.config.spring.AnnotationBean.refer(AnnotationBean.java:302)
	at com.alibaba.dubbo.config.spring.AnnotationBean.postProcessBeforeInitialization(AnnotationBean.java:233)
	at org.springframework.beans.factory.support.AbstractAutowireCapableBeanFactory.applyBeanPostProcessorsBeforeInitialization(AbstractAutowireCapableBeanFactory.java:409)
	at org.springframework.beans.factory.support.AbstractAutowireCapableBeanFactory.initializeBean(AbstractAutowireCapableBeanFactory.java:1620)
	at org.springframework.beans.factory.support.AbstractAutowireCapableBeanFactory.doCreateBean(AbstractAutowireCapableBeanFactory.java:555)
	at org.springframework.beans.factory.support.AbstractAutowireCapableBeanFactory.createBean(AbstractAutowireCapableBeanFactory.java:483)
	at org.springframework.beans.factory.support.AbstractBeanFactory$1.getObject(AbstractBeanFactory.java:306)
	at org.springframework.beans.factory.support.DefaultSingletonBeanRegistry.getSingleton(DefaultSingletonBeanRegistry.java:230)
	at org.springframework.beans.factory.support.AbstractBeanFactory.doGetBean(AbstractBeanFactory.java:302)
	at org.springframework.beans.factory.support.AbstractBeanFactory.getBean(AbstractBeanFactory.java:197)
	at org.springframework.beans.factory.support.DefaultListableBeanFactory.preInstantiateSingletons(DefaultListableBeanFactory.java:761)
	at org.springframework.context.support.AbstractApplicationContext.finishBeanFactoryInitialization(AbstractApplicationContext.java:867)
	at org.springframework.context.support.AbstractApplicationContext.refresh(AbstractApplicationContext.java:543)
	at org.springframework.boot.context.embedded.EmbeddedWebApplicationContext.refresh(EmbeddedWebApplicationContext.java:122)
	at org.springframework.boot.SpringApplication.refresh(SpringApplication.java:693)
	at org.springframework.boot.SpringApplication.refreshContext(SpringApplication.java:360)
	at org.springframework.boot.SpringApplication.run(SpringApplication.java:303)
	at org.springframework.boot.SpringApplication.run(SpringApplication.java:1118)
	at org.springframework.boot.SpringApplication.run(SpringApplication.java:1107)
	at com.tyut.web.Web.main(Web.java:16)
2018-06-13 13:37:40,014   [DUBBO] Failed to init remote service reference at filed noticeService in class com.tyut.web.controller.NoticeController, cause: Failed to check the status of the service com.tyut.notice.service.NoticeService. No provider available for the service com.tyut.notice.service.NoticeService:2.0.0 from the url zookeeper://47.104.209.96:2181/com.alibaba.dubbo.registry.RegistryService?anyhost=true&application=user-web&check=false&dubbo=2.5.3&interface=com.tyut.notice.service.NoticeService&methods=selectAll,selectById&pid=5712&revision=2.0.0&side=consumer&timestamp=1528868259066&version=2.0.0 to the consumer 192.168.218.1 use dubbo version 2.5.3, dubbo version: 2.5.3, current host: 192.168.218.1
java.lang.IllegalStateException: Failed to check the status of the service com.tyut.notice.service.NoticeService. No provider available for the service com.tyut.notice.service.NoticeService:2.0.0 from the url zookeeper://47.104.209.96:2181/com.alibaba.dubbo.registry.RegistryService?anyhost=true&application=user-web&check=false&dubbo=2.5.3&interface=com.tyut.notice.service.NoticeService&methods=selectAll,selectById&pid=5712&revision=2.0.0&side=consumer&timestamp=1528868259066&version=2.0.0 to the consumer 192.168.218.1 use dubbo version 2.5.3
	at com.alibaba.dubbo.config.ReferenceConfig.createProxy(ReferenceConfig.java:420)
	at com.alibaba.dubbo.config.ReferenceConfig.init(ReferenceConfig.java:300)
	at com.alibaba.dubbo.config.ReferenceConfig.get(ReferenceConfig.java:138)
	at com.alibaba.dubbo.config.spring.AnnotationBean.refer(AnnotationBean.java:302)
	at com.alibaba.dubbo.config.spring.AnnotationBean.postProcessBeforeInitialization(AnnotationBean.java:233)
	at org.springframework.beans.factory.support.AbstractAutowireCapableBeanFactory.applyBeanPostProcessorsBeforeInitialization(AbstractAutowireCapableBeanFactory.java:409)
	at org.springframework.beans.factory.support.AbstractAutowireCapableBeanFactory.initializeBean(AbstractAutowireCapableBeanFactory.java:1620)
	at org.springframework.beans.factory.support.AbstractAutowireCapableBeanFactory.doCreateBean(AbstractAutowireCapableBeanFactory.java:555)
	at org.springframework.beans.factory.support.AbstractAutowireCapableBeanFactory.createBean(AbstractAutowireCapableBeanFactory.java:483)
	at org.springframework.beans.factory.support.AbstractBeanFactory$1.getObject(AbstractBeanFactory.java:306)
	at org.springframework.beans.factory.support.DefaultSingletonBeanRegistry.getSingleton(DefaultSingletonBeanRegistry.java:230)
	at org.springframework.beans.factory.support.AbstractBeanFactory.doGetBean(AbstractBeanFactory.java:302)
	at org.springframework.beans.factory.support.AbstractBeanFactory.getBean(AbstractBeanFactory.java:197)
	at org.springframework.beans.factory.support.DefaultListableBeanFactory.preInstantiateSingletons(DefaultListableBeanFactory.java:761)
	at org.springframework.context.support.AbstractApplicationContext.finishBeanFactoryInitialization(AbstractApplicationContext.java:867)
	at org.springframework.context.support.AbstractApplicationContext.refresh(AbstractApplicationContext.java:543)
	at org.springframework.boot.context.embedded.EmbeddedWebApplicationContext.refresh(EmbeddedWebApplicationContext.java:122)
	at org.springframework.boot.SpringApplication.refresh(SpringApplication.java:693)
	at org.springframework.boot.SpringApplication.refreshContext(SpringApplication.java:360)
	at org.springframework.boot.SpringApplication.run(SpringApplication.java:303)
	at org.springframework.boot.SpringApplication.run(SpringApplication.java:1118)
	at org.springframework.boot.SpringApplication.run(SpringApplication.java:1107)
	at com.tyut.web.Web.main(Web.java:16)
2018-06-13 13:37:41,971   [DUBBO] Failed to start NettyClient FantJ/192.168.218.1 connect to the server /172.31.234.97:20882 (check == false, ignore and retry later!), cause: client(url: dubbo://172.31.234.97:20882/com.tyut.school.service.SchoolService?anyhost=true&application=user-web&check=false&codec=dubbo&dubbo=2.5.3&heartbeat=60000&interface=com.tyut.school.service.SchoolService&methods=selectAll,update,insert,selectById,selectLike&pid=5712&revision=2.0.1&side=consumer&timestamp=1528868260037&version=2.0.1) failed to connect to server /172.31.234.97:20882, error message is:connection timed out, dubbo version: 2.5.3, current host: 192.168.218.1
com.alibaba.dubbo.remoting.RemotingException: client(url: dubbo://172.31.234.97:20882/com.tyut.school.service.SchoolService?anyhost=true&application=user-web&check=false&codec=dubbo&dubbo=2.5.3&heartbeat=60000&interface=com.tyut.school.service.SchoolService&methods=selectAll,update,insert,selectById,selectLike&pid=5712&revision=2.0.1&side=consumer&timestamp=1528868260037&version=2.0.1) failed to connect to server /172.31.234.97:20882, error message is:connection timed out
	at com.alibaba.dubbo.remoting.transport.netty.NettyClient.doConnect(NettyClient.java:124)
	at com.alibaba.dubbo.remoting.transport.AbstractClient.connect(AbstractClient.java:280)
	at com.alibaba.dubbo.remoting.transport.AbstractClient.<init>(AbstractClient.java:103)
	at com.alibaba.dubbo.remoting.transport.netty.NettyClient.<init>(NettyClient.java:61)
	at com.alibaba.dubbo.remoting.transport.netty.NettyTransporter.connect(NettyTransporter.java:37)
	at com.alibaba.dubbo.remoting.Transporter$Adpative.connect(Transporter$Adpative.java)
	at com.alibaba.dubbo.remoting.Transporters.connect(Transporters.java:67)
	at com.alibaba.dubbo.remoting.exchange.support.header.HeaderExchanger.connect(HeaderExchanger.java:37)
	at com.alibaba.dubbo.remoting.exchange.Exchangers.connect(Exchangers.java:102)
	at com.alibaba.dubbo.rpc.protocol.dubbo.DubboProtocol.initClient(DubboProtocol.java:378)
	at com.alibaba.dubbo.rpc.protocol.dubbo.DubboProtocol.getSharedClient(DubboProtocol.java:344)
	at com.alibaba.dubbo.rpc.protocol.dubbo.DubboProtocol.getClients(DubboProtocol.java:321)
	at com.alibaba.dubbo.rpc.protocol.dubbo.DubboProtocol.refer(DubboProtocol.java:303)
	at com.alibaba.dubbo.rpc.protocol.ProtocolListenerWrapper.refer(ProtocolListenerWrapper.java:65)
	at com.alibaba.dubbo.rpc.protocol.ProtocolFilterWrapper.refer(ProtocolFilterWrapper.java:62)
	at com.alibaba.dubbo.rpc.Protocol$Adpative.refer(Protocol$Adpative.java)
	at com.alibaba.dubbo.registry.integration.RegistryDirectory.toInvokers(RegistryDirectory.java:395)
	at com.alibaba.dubbo.registry.integration.RegistryDirectory.refreshInvoker(RegistryDirectory.java:224)
	at com.alibaba.dubbo.registry.integration.RegistryDirectory.notify(RegistryDirectory.java:195)
	at com.alibaba.dubbo.registry.support.AbstractRegistry.notify(AbstractRegistry.java:449)
	at com.alibaba.dubbo.registry.support.FailbackRegistry.doNotify(FailbackRegistry.java:273)
	at com.alibaba.dubbo.registry.support.FailbackRegistry.notify(FailbackRegistry.java:259)
	at com.alibaba.dubbo.registry.zookeeper.ZookeeperRegistry.doSubscribe(ZookeeperRegistry.java:170)
	at com.alibaba.dubbo.registry.support.FailbackRegistry.subscribe(FailbackRegistry.java:189)
	at com.alibaba.dubbo.registry.integration.RegistryDirectory.subscribe(RegistryDirectory.java:133)
	at com.alibaba.dubbo.registry.integration.RegistryProtocol.doRefer(RegistryProtocol.java:271)
	at com.alibaba.dubbo.registry.integration.RegistryProtocol.refer(RegistryProtocol.java:254)
	at com.alibaba.dubbo.rpc.protocol.ProtocolListenerWrapper.refer(ProtocolListenerWrapper.java:63)
	at com.alibaba.dubbo.rpc.protocol.ProtocolFilterWrapper.refer(ProtocolFilterWrapper.java:60)
	at com.alibaba.dubbo.rpc.Protocol$Adpative.refer(Protocol$Adpative.java)
	at com.alibaba.dubbo.config.ReferenceConfig.createProxy(ReferenceConfig.java:392)
	at com.alibaba.dubbo.config.ReferenceConfig.init(ReferenceConfig.java:300)
	at com.alibaba.dubbo.config.ReferenceConfig.get(ReferenceConfig.java:138)
	at com.alibaba.dubbo.config.spring.AnnotationBean.refer(AnnotationBean.java:302)
	at com.alibaba.dubbo.config.spring.AnnotationBean.postProcessBeforeInitialization(AnnotationBean.java:233)
	at org.springframework.beans.factory.support.AbstractAutowireCapableBeanFactory.applyBeanPostProcessorsBeforeInitialization(AbstractAutowireCapableBeanFactory.java:409)
	at org.springframework.beans.factory.support.AbstractAutowireCapableBeanFactory.initializeBean(AbstractAutowireCapableBeanFactory.java:1620)
	at org.springframework.beans.factory.support.AbstractAutowireCapableBeanFactory.doCreateBean(AbstractAutowireCapableBeanFactory.java:555)
	at org.springframework.beans.factory.support.AbstractAutowireCapableBeanFactory.createBean(AbstractAutowireCapableBeanFactory.java:483)
	at org.springframework.beans.factory.support.AbstractBeanFactory$1.getObject(AbstractBeanFactory.java:306)
	at org.springframework.beans.factory.support.DefaultSingletonBeanRegistry.getSingleton(DefaultSingletonBeanRegistry.java:230)
	at org.springframework.beans.factory.support.AbstractBeanFactory.doGetBean(AbstractBeanFactory.java:302)
	at org.springframework.beans.factory.support.AbstractBeanFactory.getBean(AbstractBeanFactory.java:197)
	at org.springframework.beans.factory.support.DefaultListableBeanFactory.preInstantiateSingletons(DefaultListableBeanFactory.java:761)
	at org.springframework.context.support.AbstractApplicationContext.finishBeanFactoryInitialization(AbstractApplicationContext.java:867)
	at org.springframework.context.support.AbstractApplicationContext.refresh(AbstractApplicationContext.java:543)
	at org.springframework.boot.context.embedded.EmbeddedWebApplicationContext.refresh(EmbeddedWebApplicationContext.java:122)
	at org.springframework.boot.SpringApplication.refresh(SpringApplication.java:693)
	at org.springframework.boot.SpringApplication.refreshContext(SpringApplication.java:360)
	at org.springframework.boot.SpringApplication.run(SpringApplication.java:303)
	at org.springframework.boot.SpringApplication.run(SpringApplication.java:1118)
	at org.springframework.boot.SpringApplication.run(SpringApplication.java:1107)
	at com.tyut.web.Web.main(Web.java:16)
Caused by: java.net.ConnectException: connection timed out
	at org.jboss.netty.channel.socket.nio.NioClientSocketPipelineSink$Boss.processConnectTimeout(NioClientSocketPipelineSink.java:371)
	at org.jboss.netty.channel.socket.nio.NioClientSocketPipelineSink$Boss.run(NioClientSocketPipelineSink.java:283)
	at java.util.concurrent.ThreadPoolExecutor.runWorker(ThreadPoolExecutor.java:1149)
	at java.util.concurrent.ThreadPoolExecutor$Worker.run(ThreadPoolExecutor.java:624)
	at java.lang.Thread.run(Thread.java:748)
2018-06-13 13:37:41,974   [DUBBO] Failed to init remote service reference at filed schoolService in class com.tyut.web.controller.SchoolController, cause: Failed to check the status of the service com.tyut.school.service.SchoolService. No provider available for the service com.tyut.school.service.SchoolService:2.0.1 from the url zookeeper://47.104.209.96:2181/com.alibaba.dubbo.registry.RegistryService?anyhost=true&application=user-web&check=false&dubbo=2.5.3&interface=com.tyut.school.service.SchoolService&methods=selectAll,update,insert,selectById,selectLike&pid=5712&revision=2.0.1&side=consumer&timestamp=1528868260037&version=2.0.1 to the consumer 192.168.218.1 use dubbo version 2.5.3, dubbo version: 2.5.3, current host: 192.168.218.1
java.lang.IllegalStateException: Failed to check the status of the service com.tyut.school.service.SchoolService. No provider available for the service com.tyut.school.service.SchoolService:2.0.1 from the url zookeeper://47.104.209.96:2181/com.alibaba.dubbo.registry.RegistryService?anyhost=true&application=user-web&check=false&dubbo=2.5.3&interface=com.tyut.school.service.SchoolService&methods=selectAll,update,insert,selectById,selectLike&pid=5712&revision=2.0.1&side=consumer&timestamp=1528868260037&version=2.0.1 to the consumer 192.168.218.1 use dubbo version 2.5.3
	at com.alibaba.dubbo.config.ReferenceConfig.createProxy(ReferenceConfig.java:420)
	at com.alibaba.dubbo.config.ReferenceConfig.init(ReferenceConfig.java:300)
	at com.alibaba.dubbo.config.ReferenceConfig.get(ReferenceConfig.java:138)
	at com.alibaba.dubbo.config.spring.AnnotationBean.refer(AnnotationBean.java:302)
	at com.alibaba.dubbo.config.spring.AnnotationBean.postProcessBeforeInitialization(AnnotationBean.java:233)
	at org.springframework.beans.factory.support.AbstractAutowireCapableBeanFactory.applyBeanPostProcessorsBeforeInitialization(AbstractAutowireCapableBeanFactory.java:409)
	at org.springframework.beans.factory.support.AbstractAutowireCapableBeanFactory.initializeBean(AbstractAutowireCapableBeanFactory.java:1620)
	at org.springframework.beans.factory.support.AbstractAutowireCapableBeanFactory.doCreateBean(AbstractAutowireCapableBeanFactory.java:555)
	at org.springframework.beans.factory.support.AbstractAutowireCapableBeanFactory.createBean(AbstractAutowireCapableBeanFactory.java:483)
	at org.springframework.beans.factory.support.AbstractBeanFactory$1.getObject(AbstractBeanFactory.java:306)
	at org.springframework.beans.factory.support.DefaultSingletonBeanRegistry.getSingleton(DefaultSingletonBeanRegistry.java:230)
	at org.springframework.beans.factory.support.AbstractBeanFactory.doGetBean(AbstractBeanFactory.java:302)
	at org.springframework.beans.factory.support.AbstractBeanFactory.getBean(AbstractBeanFactory.java:197)
	at org.springframework.beans.factory.support.DefaultListableBeanFactory.preInstantiateSingletons(DefaultListableBeanFactory.java:761)
	at org.springframework.context.support.AbstractApplicationContext.finishBeanFactoryInitialization(AbstractApplicationContext.java:867)
	at org.springframework.context.support.AbstractApplicationContext.refresh(AbstractApplicationContext.java:543)
	at org.springframework.boot.context.embedded.EmbeddedWebApplicationContext.refresh(EmbeddedWebApplicationContext.java:122)
	at org.springframework.boot.SpringApplication.refresh(SpringApplication.java:693)
	at org.springframework.boot.SpringApplication.refreshContext(SpringApplication.java:360)
	at org.springframework.boot.SpringApplication.run(SpringApplication.java:303)
	at org.springframework.boot.SpringApplication.run(SpringApplication.java:1118)
	at org.springframework.boot.SpringApplication.run(SpringApplication.java:1107)
	at com.tyut.web.Web.main(Web.java:16)
2018-06-13 13:39:08,710  Servlet.service() for servlet [dispatcherServlet] in context with path [] threw exception [Request processing failed; nested exception is java.lang.RuntimeException: org.apache.ibatis.binding.BindingException: Mapper method 'com.tyut.user.dao.NewsMapper.selectCountNotRead attempted to return null from a method with a primitive return type (int).
org.apache.ibatis.binding.BindingException: Mapper method 'com.tyut.user.dao.NewsMapper.selectCountNotRead attempted to return null from a method with a primitive return type (int).
	at org.apache.ibatis.binding.MapperMethod.execute(MapperMethod.java:93)
	at org.apache.ibatis.binding.MapperProxy.invoke(MapperProxy.java:59)
	at com.sun.proxy.$Proxy111.selectCountNotRead(Unknown Source)
	at com.tyut.user.service.impl.NewsServiceImpl.selectCountNotRead(NewsServiceImpl.java:81)
	at com.alibaba.dubbo.common.bytecode.Wrapper3.invokeMethod(Wrapper3.java)
	at com.alibaba.dubbo.rpc.proxy.javassist.JavassistProxyFactory$1.doInvoke(JavassistProxyFactory.java:45)
	at com.alibaba.dubbo.rpc.proxy.AbstractProxyInvoker.invoke(AbstractProxyInvoker.java:71)
	at com.alibaba.dubbo.config.invoker.DelegateProviderMetaDataInvoker.invoke(DelegateProviderMetaDataInvoker.java:48)
	at com.alibaba.dubbo.rpc.protocol.InvokerWrapper.invoke(InvokerWrapper.java:52)
	at com.alibaba.dubbo.rpc.filter.ExceptionFilter.invoke(ExceptionFilter.java:61)
	at com.alibaba.dubbo.rpc.protocol.ProtocolFilterWrapper$1.invoke(ProtocolFilterWrapper.java:68)
	at com.alibaba.dubbo.monitor.support.MonitorFilter.invoke(MonitorFilter.java:74)
	at com.alibaba.dubbo.rpc.protocol.ProtocolFilterWrapper$1.invoke(ProtocolFilterWrapper.java:68)
	at com.alibaba.dubbo.rpc.filter.TimeoutFilter.invoke(TimeoutFilter.java:41)
	at com.alibaba.dubbo.rpc.protocol.ProtocolFilterWrapper$1.invoke(ProtocolFilterWrapper.java:68)
	at com.alibaba.dubbo.rpc.protocol.dubbo.filter.TraceFilter.invoke(TraceFilter.java:77)
	at com.alibaba.dubbo.rpc.protocol.ProtocolFilterWrapper$1.invoke(ProtocolFilterWrapper.java:68)
	at com.alibaba.dubbo.rpc.filter.ContextFilter.invoke(ContextFilter.java:60)
	at com.alibaba.dubbo.rpc.protocol.ProtocolFilterWrapper$1.invoke(ProtocolFilterWrapper.java:68)
	at com.alibaba.dubbo.rpc.filter.GenericFilter.invoke(GenericFilter.java:131)
	at com.alibaba.dubbo.rpc.protocol.ProtocolFilterWrapper$1.invoke(ProtocolFilterWrapper.java:68)
	at com.alibaba.dubbo.rpc.filter.ClassLoaderFilter.invoke(ClassLoaderFilter.java:37)
	at com.alibaba.dubbo.rpc.protocol.ProtocolFilterWrapper$1.invoke(ProtocolFilterWrapper.java:68)
	at com.alibaba.dubbo.rpc.filter.EchoFilter.invoke(EchoFilter.java:37)
	at com.alibaba.dubbo.rpc.protocol.ProtocolFilterWrapper$1.invoke(ProtocolFilterWrapper.java:68)
	at com.alibaba.dubbo.rpc.protocol.dubbo.DubboProtocol$1.reply(DubboProtocol.java:95)
	at com.alibaba.dubbo.remoting.exchange.support.header.HeaderExchangeHandler.handleRequest(HeaderExchangeHandler.java:96)
	at com.alibaba.dubbo.remoting.exchange.support.header.HeaderExchangeHandler.received(HeaderExchangeHandler.java:168)
	at com.alibaba.dubbo.remoting.transport.DecodeHandler.received(DecodeHandler.java:50)
	at com.alibaba.dubbo.remoting.transport.dispatcher.ChannelEventRunnable.run(ChannelEventRunnable.java:79)
	at java.util.concurrent.ThreadPoolExecutor.runWorker(ThreadPoolExecutor.java:1149)
	at java.util.concurrent.ThreadPoolExecutor$Worker.run(ThreadPoolExecutor.java:624)
	at java.lang.Thread.run(Thread.java:748)
] with root cause
java.lang.RuntimeException: org.apache.ibatis.binding.BindingException: Mapper method 'com.tyut.user.dao.NewsMapper.selectCountNotRead attempted to return null from a method with a primitive return type (int).
org.apache.ibatis.binding.BindingException: Mapper method 'com.tyut.user.dao.NewsMapper.selectCountNotRead attempted to return null from a method with a primitive return type (int).
	at org.apache.ibatis.binding.MapperMethod.execute(MapperMethod.java:93)
	at org.apache.ibatis.binding.MapperProxy.invoke(MapperProxy.java:59)
	at com.sun.proxy.$Proxy111.selectCountNotRead(Unknown Source)
	at com.tyut.user.service.impl.NewsServiceImpl.selectCountNotRead(NewsServiceImpl.java:81)
	at com.alibaba.dubbo.common.bytecode.Wrapper3.invokeMethod(Wrapper3.java)
	at com.alibaba.dubbo.rpc.proxy.javassist.JavassistProxyFactory$1.doInvoke(JavassistProxyFactory.java:45)
	at com.alibaba.dubbo.rpc.proxy.AbstractProxyInvoker.invoke(AbstractProxyInvoker.java:71)
	at com.alibaba.dubbo.config.invoker.DelegateProviderMetaDataInvoker.invoke(DelegateProviderMetaDataInvoker.java:48)
	at com.alibaba.dubbo.rpc.protocol.InvokerWrapper.invoke(InvokerWrapper.java:52)
	at com.alibaba.dubbo.rpc.filter.ExceptionFilter.invoke(ExceptionFilter.java:61)
	at com.alibaba.dubbo.rpc.protocol.ProtocolFilterWrapper$1.invoke(ProtocolFilterWrapper.java:68)
	at com.alibaba.dubbo.monitor.support.MonitorFilter.invoke(MonitorFilter.java:74)
	at com.alibaba.dubbo.rpc.protocol.ProtocolFilterWrapper$1.invoke(ProtocolFilterWrapper.java:68)
	at com.alibaba.dubbo.rpc.filter.TimeoutFilter.invoke(TimeoutFilter.java:41)
	at com.alibaba.dubbo.rpc.protocol.ProtocolFilterWrapper$1.invoke(ProtocolFilterWrapper.java:68)
	at com.alibaba.dubbo.rpc.protocol.dubbo.filter.TraceFilter.invoke(TraceFilter.java:77)
	at com.alibaba.dubbo.rpc.protocol.ProtocolFilterWrapper$1.invoke(ProtocolFilterWrapper.java:68)
	at com.alibaba.dubbo.rpc.filter.ContextFilter.invoke(ContextFilter.java:60)
	at com.alibaba.dubbo.rpc.protocol.ProtocolFilterWrapper$1.invoke(ProtocolFilterWrapper.java:68)
	at com.alibaba.dubbo.rpc.filter.GenericFilter.invoke(GenericFilter.java:131)
	at com.alibaba.dubbo.rpc.protocol.ProtocolFilterWrapper$1.invoke(ProtocolFilterWrapper.java:68)
	at com.alibaba.dubbo.rpc.filter.ClassLoaderFilter.invoke(ClassLoaderFilter.java:37)
	at com.alibaba.dubbo.rpc.protocol.ProtocolFilterWrapper$1.invoke(ProtocolFilterWrapper.java:68)
	at com.alibaba.dubbo.rpc.filter.EchoFilter.invoke(EchoFilter.java:37)
	at com.alibaba.dubbo.rpc.protocol.ProtocolFilterWrapper$1.invoke(ProtocolFilterWrapper.java:68)
	at com.alibaba.dubbo.rpc.protocol.dubbo.DubboProtocol$1.reply(DubboProtocol.java:95)
	at com.alibaba.dubbo.remoting.exchange.support.header.HeaderExchangeHandler.handleRequest(HeaderExchangeHandler.java:96)
	at com.alibaba.dubbo.remoting.exchange.support.header.HeaderExchangeHandler.received(HeaderExchangeHandler.java:168)
	at com.alibaba.dubbo.remoting.transport.DecodeHandler.received(DecodeHandler.java:50)
	at com.alibaba.dubbo.remoting.transport.dispatcher.ChannelEventRunnable.run(ChannelEventRunnable.java:79)
	at java.util.concurrent.ThreadPoolExecutor.runWorker(ThreadPoolExecutor.java:1149)
	at java.util.concurrent.ThreadPoolExecutor$Worker.run(ThreadPoolExecutor.java:624)
	at java.lang.Thread.run(Thread.java:748)

	at com.alibaba.dubbo.rpc.filter.ExceptionFilter.invoke(ExceptionFilter.java:105)
	at com.alibaba.dubbo.rpc.protocol.ProtocolFilterWrapper$1.invoke(ProtocolFilterWrapper.java:68)
	at com.alibaba.dubbo.monitor.support.MonitorFilter.invoke(MonitorFilter.java:74)
	at com.alibaba.dubbo.rpc.protocol.ProtocolFilterWrapper$1.invoke(ProtocolFilterWrapper.java:68)
	at com.alibaba.dubbo.rpc.filter.TimeoutFilter.invoke(TimeoutFilter.java:41)
	at com.alibaba.dubbo.rpc.protocol.ProtocolFilterWrapper$1.invoke(ProtocolFilterWrapper.java:68)
	at com.alibaba.dubbo.rpc.protocol.dubbo.filter.TraceFilter.invoke(TraceFilter.java:77)
	at com.alibaba.dubbo.rpc.protocol.ProtocolFilterWrapper$1.invoke(ProtocolFilterWrapper.java:68)
	at com.alibaba.dubbo.rpc.filter.ContextFilter.invoke(ContextFilter.java:60)
	at com.alibaba.dubbo.rpc.protocol.ProtocolFilterWrapper$1.invoke(ProtocolFilterWrapper.java:68)
	at com.alibaba.dubbo.rpc.filter.GenericFilter.invoke(GenericFilter.java:131)
	at com.alibaba.dubbo.rpc.protocol.ProtocolFilterWrapper$1.invoke(ProtocolFilterWrapper.java:68)
	at com.alibaba.dubbo.rpc.filter.ClassLoaderFilter.invoke(ClassLoaderFilter.java:37)
	at com.alibaba.dubbo.rpc.protocol.ProtocolFilterWrapper$1.invoke(ProtocolFilterWrapper.java:68)
	at com.alibaba.dubbo.rpc.filter.EchoFilter.invoke(EchoFilter.java:37)
	at com.alibaba.dubbo.rpc.protocol.ProtocolFilterWrapper$1.invoke(ProtocolFilterWrapper.java:68)
	at com.alibaba.dubbo.rpc.protocol.dubbo.DubboProtocol$1.reply(DubboProtocol.java:95)
	at com.alibaba.dubbo.remoting.exchange.support.header.HeaderExchangeHandler.handleRequest(HeaderExchangeHandler.java:96)
	at com.alibaba.dubbo.remoting.exchange.support.header.HeaderExchangeHandler.received(HeaderExchangeHandler.java:168)
	at com.alibaba.dubbo.remoting.transport.DecodeHandler.received(DecodeHandler.java:50)
	at com.alibaba.dubbo.remoting.transport.dispatcher.ChannelEventRunnable.run(ChannelEventRunnable.java:79)
	at java.util.concurrent.ThreadPoolExecutor.runWorker(ThreadPoolExecutor.java:1149)
	at java.util.concurrent.ThreadPoolExecutor$Worker.run(ThreadPoolExecutor.java:624)
	at java.lang.Thread.run(Thread.java:748)
2018-06-13 13:39:20,246  Servlet.service() for servlet [dispatcherServlet] in context with path [] threw exception [Request processing failed; nested exception is java.lang.RuntimeException: org.apache.ibatis.binding.BindingException: Mapper method 'com.tyut.user.dao.NewsMapper.selectCountNotRead attempted to return null from a method with a primitive return type (int).
org.apache.ibatis.binding.BindingException: Mapper method 'com.tyut.user.dao.NewsMapper.selectCountNotRead attempted to return null from a method with a primitive return type (int).
	at org.apache.ibatis.binding.MapperMethod.execute(MapperMethod.java:93)
	at org.apache.ibatis.binding.MapperProxy.invoke(MapperProxy.java:59)
	at com.sun.proxy.$Proxy111.selectCountNotRead(Unknown Source)
	at com.tyut.user.service.impl.NewsServiceImpl.selectCountNotRead(NewsServiceImpl.java:81)
	at com.alibaba.dubbo.common.bytecode.Wrapper3.invokeMethod(Wrapper3.java)
	at com.alibaba.dubbo.rpc.proxy.javassist.JavassistProxyFactory$1.doInvoke(JavassistProxyFactory.java:45)
	at com.alibaba.dubbo.rpc.proxy.AbstractProxyInvoker.invoke(AbstractProxyInvoker.java:71)
	at com.alibaba.dubbo.config.invoker.DelegateProviderMetaDataInvoker.invoke(DelegateProviderMetaDataInvoker.java:48)
	at com.alibaba.dubbo.rpc.protocol.InvokerWrapper.invoke(InvokerWrapper.java:52)
	at com.alibaba.dubbo.rpc.filter.ExceptionFilter.invoke(ExceptionFilter.java:61)
	at com.alibaba.dubbo.rpc.protocol.ProtocolFilterWrapper$1.invoke(ProtocolFilterWrapper.java:68)
	at com.alibaba.dubbo.monitor.support.MonitorFilter.invoke(MonitorFilter.java:74)
	at com.alibaba.dubbo.rpc.protocol.ProtocolFilterWrapper$1.invoke(ProtocolFilterWrapper.java:68)
	at com.alibaba.dubbo.rpc.filter.TimeoutFilter.invoke(TimeoutFilter.java:41)
	at com.alibaba.dubbo.rpc.protocol.ProtocolFilterWrapper$1.invoke(ProtocolFilterWrapper.java:68)
	at com.alibaba.dubbo.rpc.protocol.dubbo.filter.TraceFilter.invoke(TraceFilter.java:77)
	at com.alibaba.dubbo.rpc.protocol.ProtocolFilterWrapper$1.invoke(ProtocolFilterWrapper.java:68)
	at com.alibaba.dubbo.rpc.filter.ContextFilter.invoke(ContextFilter.java:60)
	at com.alibaba.dubbo.rpc.protocol.ProtocolFilterWrapper$1.invoke(ProtocolFilterWrapper.java:68)
	at com.alibaba.dubbo.rpc.filter.GenericFilter.invoke(GenericFilter.java:131)
	at com.alibaba.dubbo.rpc.protocol.ProtocolFilterWrapper$1.invoke(ProtocolFilterWrapper.java:68)
	at com.alibaba.dubbo.rpc.filter.ClassLoaderFilter.invoke(ClassLoaderFilter.java:37)
	at com.alibaba.dubbo.rpc.protocol.ProtocolFilterWrapper$1.invoke(ProtocolFilterWrapper.java:68)
	at com.alibaba.dubbo.rpc.filter.EchoFilter.invoke(EchoFilter.java:37)
	at com.alibaba.dubbo.rpc.protocol.ProtocolFilterWrapper$1.invoke(ProtocolFilterWrapper.java:68)
	at com.alibaba.dubbo.rpc.protocol.dubbo.DubboProtocol$1.reply(DubboProtocol.java:95)
	at com.alibaba.dubbo.remoting.exchange.support.header.HeaderExchangeHandler.handleRequest(HeaderExchangeHandler.java:96)
	at com.alibaba.dubbo.remoting.exchange.support.header.HeaderExchangeHandler.received(HeaderExchangeHandler.java:168)
	at com.alibaba.dubbo.remoting.transport.DecodeHandler.received(DecodeHandler.java:50)
	at com.alibaba.dubbo.remoting.transport.dispatcher.ChannelEventRunnable.run(ChannelEventRunnable.java:79)
	at java.util.concurrent.ThreadPoolExecutor.runWorker(ThreadPoolExecutor.java:1149)
	at java.util.concurrent.ThreadPoolExecutor$Worker.run(ThreadPoolExecutor.java:624)
	at java.lang.Thread.run(Thread.java:748)
] with root cause
java.lang.RuntimeException: org.apache.ibatis.binding.BindingException: Mapper method 'com.tyut.user.dao.NewsMapper.selectCountNotRead attempted to return null from a method with a primitive return type (int).
org.apache.ibatis.binding.BindingException: Mapper method 'com.tyut.user.dao.NewsMapper.selectCountNotRead attempted to return null from a method with a primitive return type (int).
	at org.apache.ibatis.binding.MapperMethod.execute(MapperMethod.java:93)
	at org.apache.ibatis.binding.MapperProxy.invoke(MapperProxy.java:59)
	at com.sun.proxy.$Proxy111.selectCountNotRead(Unknown Source)
	at com.tyut.user.service.impl.NewsServiceImpl.selectCountNotRead(NewsServiceImpl.java:81)
	at com.alibaba.dubbo.common.bytecode.Wrapper3.invokeMethod(Wrapper3.java)
	at com.alibaba.dubbo.rpc.proxy.javassist.JavassistProxyFactory$1.doInvoke(JavassistProxyFactory.java:45)
	at com.alibaba.dubbo.rpc.proxy.AbstractProxyInvoker.invoke(AbstractProxyInvoker.java:71)
	at com.alibaba.dubbo.config.invoker.DelegateProviderMetaDataInvoker.invoke(DelegateProviderMetaDataInvoker.java:48)
	at com.alibaba.dubbo.rpc.protocol.InvokerWrapper.invoke(InvokerWrapper.java:52)
	at com.alibaba.dubbo.rpc.filter.ExceptionFilter.invoke(ExceptionFilter.java:61)
	at com.alibaba.dubbo.rpc.protocol.ProtocolFilterWrapper$1.invoke(ProtocolFilterWrapper.java:68)
	at com.alibaba.dubbo.monitor.support.MonitorFilter.invoke(MonitorFilter.java:74)
	at com.alibaba.dubbo.rpc.protocol.ProtocolFilterWrapper$1.invoke(ProtocolFilterWrapper.java:68)
	at com.alibaba.dubbo.rpc.filter.TimeoutFilter.invoke(TimeoutFilter.java:41)
	at com.alibaba.dubbo.rpc.protocol.ProtocolFilterWrapper$1.invoke(ProtocolFilterWrapper.java:68)
	at com.alibaba.dubbo.rpc.protocol.dubbo.filter.TraceFilter.invoke(TraceFilter.java:77)
	at com.alibaba.dubbo.rpc.protocol.ProtocolFilterWrapper$1.invoke(ProtocolFilterWrapper.java:68)
	at com.alibaba.dubbo.rpc.filter.ContextFilter.invoke(ContextFilter.java:60)
	at com.alibaba.dubbo.rpc.protocol.ProtocolFilterWrapper$1.invoke(ProtocolFilterWrapper.java:68)
	at com.alibaba.dubbo.rpc.filter.GenericFilter.invoke(GenericFilter.java:131)
	at com.alibaba.dubbo.rpc.protocol.ProtocolFilterWrapper$1.invoke(ProtocolFilterWrapper.java:68)
	at com.alibaba.dubbo.rpc.filter.ClassLoaderFilter.invoke(ClassLoaderFilter.java:37)
	at com.alibaba.dubbo.rpc.protocol.ProtocolFilterWrapper$1.invoke(ProtocolFilterWrapper.java:68)
	at com.alibaba.dubbo.rpc.filter.EchoFilter.invoke(EchoFilter.java:37)
	at com.alibaba.dubbo.rpc.protocol.ProtocolFilterWrapper$1.invoke(ProtocolFilterWrapper.java:68)
	at com.alibaba.dubbo.rpc.protocol.dubbo.DubboProtocol$1.reply(DubboProtocol.java:95)
	at com.alibaba.dubbo.remoting.exchange.support.header.HeaderExchangeHandler.handleRequest(HeaderExchangeHandler.java:96)
	at com.alibaba.dubbo.remoting.exchange.support.header.HeaderExchangeHandler.received(HeaderExchangeHandler.java:168)
	at com.alibaba.dubbo.remoting.transport.DecodeHandler.received(DecodeHandler.java:50)
	at com.alibaba.dubbo.remoting.transport.dispatcher.ChannelEventRunnable.run(ChannelEventRunnable.java:79)
	at java.util.concurrent.ThreadPoolExecutor.runWorker(ThreadPoolExecutor.java:1149)
	at java.util.concurrent.ThreadPoolExecutor$Worker.run(ThreadPoolExecutor.java:624)
	at java.lang.Thread.run(Thread.java:748)

	at com.alibaba.dubbo.rpc.filter.ExceptionFilter.invoke(ExceptionFilter.java:105)
	at com.alibaba.dubbo.rpc.protocol.ProtocolFilterWrapper$1.invoke(ProtocolFilterWrapper.java:68)
	at com.alibaba.dubbo.monitor.support.MonitorFilter.invoke(MonitorFilter.java:74)
	at com.alibaba.dubbo.rpc.protocol.ProtocolFilterWrapper$1.invoke(ProtocolFilterWrapper.java:68)
	at com.alibaba.dubbo.rpc.filter.TimeoutFilter.invoke(TimeoutFilter.java:41)
	at com.alibaba.dubbo.rpc.protocol.ProtocolFilterWrapper$1.invoke(ProtocolFilterWrapper.java:68)
	at com.alibaba.dubbo.rpc.protocol.dubbo.filter.TraceFilter.invoke(TraceFilter.java:77)
	at com.alibaba.dubbo.rpc.protocol.ProtocolFilterWrapper$1.invoke(ProtocolFilterWrapper.java:68)
	at com.alibaba.dubbo.rpc.filter.ContextFilter.invoke(ContextFilter.java:60)
	at com.alibaba.dubbo.rpc.protocol.ProtocolFilterWrapper$1.invoke(ProtocolFilterWrapper.java:68)
	at com.alibaba.dubbo.rpc.filter.GenericFilter.invoke(GenericFilter.java:131)
	at com.alibaba.dubbo.rpc.protocol.ProtocolFilterWrapper$1.invoke(ProtocolFilterWrapper.java:68)
	at com.alibaba.dubbo.rpc.filter.ClassLoaderFilter.invoke(ClassLoaderFilter.java:37)
	at com.alibaba.dubbo.rpc.protocol.ProtocolFilterWrapper$1.invoke(ProtocolFilterWrapper.java:68)
	at com.alibaba.dubbo.rpc.filter.EchoFilter.invoke(EchoFilter.java:37)
	at com.alibaba.dubbo.rpc.protocol.ProtocolFilterWrapper$1.invoke(ProtocolFilterWrapper.java:68)
	at com.alibaba.dubbo.rpc.protocol.dubbo.DubboProtocol$1.reply(DubboProtocol.java:95)
	at com.alibaba.dubbo.remoting.exchange.support.header.HeaderExchangeHandler.handleRequest(HeaderExchangeHandler.java:96)
	at com.alibaba.dubbo.remoting.exchange.support.header.HeaderExchangeHandler.received(HeaderExchangeHandler.java:168)
	at com.alibaba.dubbo.remoting.transport.DecodeHandler.received(DecodeHandler.java:50)
	at com.alibaba.dubbo.remoting.transport.dispatcher.ChannelEventRunnable.run(ChannelEventRunnable.java:79)
	at java.util.concurrent.ThreadPoolExecutor.runWorker(ThreadPoolExecutor.java:1149)
	at java.util.concurrent.ThreadPoolExecutor$Worker.run(ThreadPoolExecutor.java:624)
	at java.lang.Thread.run(Thread.java:748)
2018-06-13 13:40:55,068  Servlet.service() for servlet [dispatcherServlet] in context with path [] threw exception [Request processing failed; nested exception is java.lang.RuntimeException: org.mybatis.spring.MyBatisSystemException: nested exception is org.apache.ibatis.executor.ExecutorException: A query was run and no Result Maps were found for the Mapped Statement 'com.tyut.user.dao.NewsMapper.selectCountNotRead'.  It's likely that neither a Result Type nor a Result Map was specified.
org.mybatis.spring.MyBatisSystemException: nested exception is org.apache.ibatis.executor.ExecutorException: A query was run and no Result Maps were found for the Mapped Statement 'com.tyut.user.dao.NewsMapper.selectCountNotRead'.  It's likely that neither a Result Type nor a Result Map was specified.
	at org.mybatis.spring.MyBatisExceptionTranslator.translateExceptionIfPossible(MyBatisExceptionTranslator.java:77)
	at org.mybatis.spring.SqlSessionTemplate$SqlSessionInterceptor.invoke(SqlSessionTemplate.java:446)
	at com.sun.proxy.$Proxy87.selectOne(Unknown Source)
	at org.mybatis.spring.SqlSessionTemplate.selectOne(SqlSessionTemplate.java:166)
	at org.apache.ibatis.binding.MapperMethod.execute(MapperMethod.java:82)
	at org.apache.ibatis.binding.MapperProxy.invoke(MapperProxy.java:59)
	at com.sun.proxy.$Proxy111.selectCountNotRead(Unknown Source)
	at com.tyut.user.service.impl.NewsServiceImpl.selectCountNotRead(NewsServiceImpl.java:81)
	at com.alibaba.dubbo.common.bytecode.Wrapper3.invokeMethod(Wrapper3.java)
	at com.alibaba.dubbo.rpc.proxy.javassist.JavassistProxyFactory$1.doInvoke(JavassistProxyFactory.java:45)
	at com.alibaba.dubbo.rpc.proxy.AbstractProxyInvoker.invoke(AbstractProxyInvoker.java:71)
	at com.alibaba.dubbo.config.invoker.DelegateProviderMetaDataInvoker.invoke(DelegateProviderMetaDataInvoker.java:48)
	at com.alibaba.dubbo.rpc.protocol.InvokerWrapper.invoke(InvokerWrapper.java:52)
	at com.alibaba.dubbo.rpc.filter.ExceptionFilter.invoke(ExceptionFilter.java:61)
	at com.alibaba.dubbo.rpc.protocol.ProtocolFilterWrapper$1.invoke(ProtocolFilterWrapper.java:68)
	at com.alibaba.dubbo.monitor.support.MonitorFilter.invoke(MonitorFilter.java:74)
	at com.alibaba.dubbo.rpc.protocol.ProtocolFilterWrapper$1.invoke(ProtocolFilterWrapper.java:68)
	at com.alibaba.dubbo.rpc.filter.TimeoutFilter.invoke(TimeoutFilter.java:41)
	at com.alibaba.dubbo.rpc.protocol.ProtocolFilterWrapper$1.invoke(ProtocolFilterWrapper.java:68)
	at com.alibaba.dubbo.rpc.protocol.dubbo.filter.TraceFilter.invoke(TraceFilter.java:77)
	at com.alibaba.dubbo.rpc.protocol.ProtocolFilterWrapper$1.invoke(ProtocolFilterWrapper.java:68)
	at com.alibaba.dubbo.rpc.filter.ContextFilter.invoke(ContextFilter.java:60)
	at com.alibaba.dubbo.rpc.protocol.ProtocolFilterWrapper$1.invoke(ProtocolFilterWrapper.java:68)
	at com.alibaba.dubbo.rpc.filter.GenericFilter.invoke(GenericFilter.java:131)
	at com.alibaba.dubbo.rpc.protocol.ProtocolFilterWrapper$1.invoke(ProtocolFilterWrapper.java:68)
	at com.alibaba.dubbo.rpc.filter.ClassLoaderFilter.invoke(ClassLoaderFilter.java:37)
	at com.alibaba.dubbo.rpc.protocol.ProtocolFilterWrapper$1.invoke(ProtocolFilterWrapper.java:68)
	at com.alibaba.dubbo.rpc.filter.EchoFilter.invoke(EchoFilter.java:37)
	at com.alibaba.dubbo.rpc.protocol.ProtocolFilterWrapper$1.invoke(ProtocolFilterWrapper.java:68)
	at com.alibaba.dubbo.rpc.protocol.dubbo.DubboProtocol$1.reply(DubboProtocol.java:95)
	at com.alibaba.dubbo.remoting.exchange.support.header.HeaderExchangeHandler.handleRequest(HeaderExchangeHandler.java:96)
	at com.alibaba.dubbo.remoting.exchange.support.header.HeaderExchangeHandler.received(HeaderExchangeHandler.java:168)
	at com.alibaba.dubbo.remoting.transport.DecodeHandler.received(DecodeHandler.java:50)
	at com.alibaba.dubbo.remoting.transport.dispatcher.ChannelEventRunnable.run(ChannelEventRunnable.java:79)
	at java.util.concurrent.ThreadPoolExecutor.runWorker(ThreadPoolExecutor.java:1149)
	at java.util.concurrent.ThreadPoolExecutor$Worker.run(ThreadPoolExecutor.java:624)
	at java.lang.Thread.run(Thread.java:748)
Caused by: org.apache.ibatis.executor.ExecutorException: A query was run and no Result Maps were found for the Mapped Statement 'com.tyut.user.dao.NewsMapper.selectCountNotRead'.  It's likely that neither a Result Type nor a Result Map was specified.
	at org.apache.ibatis.executor.resultset.DefaultResultSetHandler.validateResultMapsCount(DefaultResultSetHandler.java:287)
	at org.apache.ibatis.executor.resultset.DefaultResultSetHandler.handleResultSets(DefaultResultSetHandler.java:189)
	at org.apache.ibatis.executor.statement.PreparedStatementHandler.query(PreparedStatementHandler.java:64)
	at org.apache.ibatis.executor.statement.RoutingStatementHandler.query(RoutingStatementHandler.java:79)
	at org.apache.ibatis.executor.SimpleExecutor.doQuery(SimpleExecutor.java:63)
	at org.apache.ibatis.executor.BaseExecutor.queryFromDatabase(BaseExecutor.java:324)
	at org.apache.ibatis.executor.BaseExecutor.query(BaseExecutor.java:156)
	at org.apache.ibatis.executor.CachingExecutor.query(CachingExecutor.java:109)
	at com.github.pagehelper.PageInterceptor.intercept(PageInterceptor.java:141)
	at org.apache.ibatis.plugin.Plugin.invoke(Plugin.java:61)
	at com.sun.proxy.$Proxy120.query(Unknown Source)
	at org.apache.ibatis.session.defaults.DefaultSqlSession.selectList(DefaultSqlSession.java:148)
	at org.apache.ibatis.session.defaults.DefaultSqlSession.selectList(DefaultSqlSession.java:141)
	at org.apache.ibatis.session.defaults.DefaultSqlSession.selectOne(DefaultSqlSession.java:77)
	at sun.reflect.NativeMethodAccessorImpl.invoke0(Native Method)
	at sun.reflect.NativeMethodAccessorImpl.invoke(NativeMethodAccessorImpl.java:62)
	at sun.reflect.DelegatingMethodAccessorImpl.invoke(DelegatingMethodAccessorImpl.java:43)
	at java.lang.reflect.Method.invoke(Method.java:498)
	at org.mybatis.spring.SqlSessionTemplate$SqlSessionInterceptor.invoke(SqlSessionTemplate.java:433)
	... 35 more
] with root cause
java.lang.RuntimeException: org.mybatis.spring.MyBatisSystemException: nested exception is org.apache.ibatis.executor.ExecutorException: A query was run and no Result Maps were found for the Mapped Statement 'com.tyut.user.dao.NewsMapper.selectCountNotRead'.  It's likely that neither a Result Type nor a Result Map was specified.
org.mybatis.spring.MyBatisSystemException: nested exception is org.apache.ibatis.executor.ExecutorException: A query was run and no Result Maps were found for the Mapped Statement 'com.tyut.user.dao.NewsMapper.selectCountNotRead'.  It's likely that neither a Result Type nor a Result Map was specified.
	at org.mybatis.spring.MyBatisExceptionTranslator.translateExceptionIfPossible(MyBatisExceptionTranslator.java:77)
	at org.mybatis.spring.SqlSessionTemplate$SqlSessionInterceptor.invoke(SqlSessionTemplate.java:446)
	at com.sun.proxy.$Proxy87.selectOne(Unknown Source)
	at org.mybatis.spring.SqlSessionTemplate.selectOne(SqlSessionTemplate.java:166)
	at org.apache.ibatis.binding.MapperMethod.execute(MapperMethod.java:82)
	at org.apache.ibatis.binding.MapperProxy.invoke(MapperProxy.java:59)
	at com.sun.proxy.$Proxy111.selectCountNotRead(Unknown Source)
	at com.tyut.user.service.impl.NewsServiceImpl.selectCountNotRead(NewsServiceImpl.java:81)
	at com.alibaba.dubbo.common.bytecode.Wrapper3.invokeMethod(Wrapper3.java)
	at com.alibaba.dubbo.rpc.proxy.javassist.JavassistProxyFactory$1.doInvoke(JavassistProxyFactory.java:45)
	at com.alibaba.dubbo.rpc.proxy.AbstractProxyInvoker.invoke(AbstractProxyInvoker.java:71)
	at com.alibaba.dubbo.config.invoker.DelegateProviderMetaDataInvoker.invoke(DelegateProviderMetaDataInvoker.java:48)
	at com.alibaba.dubbo.rpc.protocol.InvokerWrapper.invoke(InvokerWrapper.java:52)
	at com.alibaba.dubbo.rpc.filter.ExceptionFilter.invoke(ExceptionFilter.java:61)
	at com.alibaba.dubbo.rpc.protocol.ProtocolFilterWrapper$1.invoke(ProtocolFilterWrapper.java:68)
	at com.alibaba.dubbo.monitor.support.MonitorFilter.invoke(MonitorFilter.java:74)
	at com.alibaba.dubbo.rpc.protocol.ProtocolFilterWrapper$1.invoke(ProtocolFilterWrapper.java:68)
	at com.alibaba.dubbo.rpc.filter.TimeoutFilter.invoke(TimeoutFilter.java:41)
	at com.alibaba.dubbo.rpc.protocol.ProtocolFilterWrapper$1.invoke(ProtocolFilterWrapper.java:68)
	at com.alibaba.dubbo.rpc.protocol.dubbo.filter.TraceFilter.invoke(TraceFilter.java:77)
	at com.alibaba.dubbo.rpc.protocol.ProtocolFilterWrapper$1.invoke(ProtocolFilterWrapper.java:68)
	at com.alibaba.dubbo.rpc.filter.ContextFilter.invoke(ContextFilter.java:60)
	at com.alibaba.dubbo.rpc.protocol.ProtocolFilterWrapper$1.invoke(ProtocolFilterWrapper.java:68)
	at com.alibaba.dubbo.rpc.filter.GenericFilter.invoke(GenericFilter.java:131)
	at com.alibaba.dubbo.rpc.protocol.ProtocolFilterWrapper$1.invoke(ProtocolFilterWrapper.java:68)
	at com.alibaba.dubbo.rpc.filter.ClassLoaderFilter.invoke(ClassLoaderFilter.java:37)
	at com.alibaba.dubbo.rpc.protocol.ProtocolFilterWrapper$1.invoke(ProtocolFilterWrapper.java:68)
	at com.alibaba.dubbo.rpc.filter.EchoFilter.invoke(EchoFilter.java:37)
	at com.alibaba.dubbo.rpc.protocol.ProtocolFilterWrapper$1.invoke(ProtocolFilterWrapper.java:68)
	at com.alibaba.dubbo.rpc.protocol.dubbo.DubboProtocol$1.reply(DubboProtocol.java:95)
	at com.alibaba.dubbo.remoting.exchange.support.header.HeaderExchangeHandler.handleRequest(HeaderExchangeHandler.java:96)
	at com.alibaba.dubbo.remoting.exchange.support.header.HeaderExchangeHandler.received(HeaderExchangeHandler.java:168)
	at com.alibaba.dubbo.remoting.transport.DecodeHandler.received(DecodeHandler.java:50)
	at com.alibaba.dubbo.remoting.transport.dispatcher.ChannelEventRunnable.run(ChannelEventRunnable.java:79)
	at java.util.concurrent.ThreadPoolExecutor.runWorker(ThreadPoolExecutor.java:1149)
	at java.util.concurrent.ThreadPoolExecutor$Worker.run(ThreadPoolExecutor.java:624)
	at java.lang.Thread.run(Thread.java:748)
Caused by: org.apache.ibatis.executor.ExecutorException: A query was run and no Result Maps were found for the Mapped Statement 'com.tyut.user.dao.NewsMapper.selectCountNotRead'.  It's likely that neither a Result Type nor a Result Map was specified.
	at org.apache.ibatis.executor.resultset.DefaultResultSetHandler.validateResultMapsCount(DefaultResultSetHandler.java:287)
	at org.apache.ibatis.executor.resultset.DefaultResultSetHandler.handleResultSets(DefaultResultSetHandler.java:189)
	at org.apache.ibatis.executor.statement.PreparedStatementHandler.query(PreparedStatementHandler.java:64)
	at org.apache.ibatis.executor.statement.RoutingStatementHandler.query(RoutingStatementHandler.java:79)
	at org.apache.ibatis.executor.SimpleExecutor.doQuery(SimpleExecutor.java:63)
	at org.apache.ibatis.executor.BaseExecutor.queryFromDatabase(BaseExecutor.java:324)
	at org.apache.ibatis.executor.BaseExecutor.query(BaseExecutor.java:156)
	at org.apache.ibatis.executor.CachingExecutor.query(CachingExecutor.java:109)
	at com.github.pagehelper.PageInterceptor.intercept(PageInterceptor.java:141)
	at org.apache.ibatis.plugin.Plugin.invoke(Plugin.java:61)
	at com.sun.proxy.$Proxy120.query(Unknown Source)
	at org.apache.ibatis.session.defaults.DefaultSqlSession.selectList(DefaultSqlSession.java:148)
	at org.apache.ibatis.session.defaults.DefaultSqlSession.selectList(DefaultSqlSession.java:141)
	at org.apache.ibatis.session.defaults.DefaultSqlSession.selectOne(DefaultSqlSession.java:77)
	at sun.reflect.NativeMethodAccessorImpl.invoke0(Native Method)
	at sun.reflect.NativeMethodAccessorImpl.invoke(NativeMethodAccessorImpl.java:62)
	at sun.reflect.DelegatingMethodAccessorImpl.invoke(DelegatingMethodAccessorImpl.java:43)
	at java.lang.reflect.Method.invoke(Method.java:498)
	at org.mybatis.spring.SqlSessionTemplate$SqlSessionInterceptor.invoke(SqlSessionTemplate.java:433)
	... 35 more

	at com.alibaba.dubbo.rpc.filter.ExceptionFilter.invoke(ExceptionFilter.java:105)
	at com.alibaba.dubbo.rpc.protocol.ProtocolFilterWrapper$1.invoke(ProtocolFilterWrapper.java:68)
	at com.alibaba.dubbo.monitor.support.MonitorFilter.invoke(MonitorFilter.java:74)
	at com.alibaba.dubbo.rpc.protocol.ProtocolFilterWrapper$1.invoke(ProtocolFilterWrapper.java:68)
	at com.alibaba.dubbo.rpc.filter.TimeoutFilter.invoke(TimeoutFilter.java:41)
	at com.alibaba.dubbo.rpc.protocol.ProtocolFilterWrapper$1.invoke(ProtocolFilterWrapper.java:68)
	at com.alibaba.dubbo.rpc.protocol.dubbo.filter.TraceFilter.invoke(TraceFilter.java:77)
	at com.alibaba.dubbo.rpc.protocol.ProtocolFilterWrapper$1.invoke(ProtocolFilterWrapper.java:68)
	at com.alibaba.dubbo.rpc.filter.ContextFilter.invoke(ContextFilter.java:60)
	at com.alibaba.dubbo.rpc.protocol.ProtocolFilterWrapper$1.invoke(ProtocolFilterWrapper.java:68)
	at com.alibaba.dubbo.rpc.filter.GenericFilter.invoke(GenericFilter.java:131)
	at com.alibaba.dubbo.rpc.protocol.ProtocolFilterWrapper$1.invoke(ProtocolFilterWrapper.java:68)
	at com.alibaba.dubbo.rpc.filter.ClassLoaderFilter.invoke(ClassLoaderFilter.java:37)
	at com.alibaba.dubbo.rpc.protocol.ProtocolFilterWrapper$1.invoke(ProtocolFilterWrapper.java:68)
	at com.alibaba.dubbo.rpc.filter.EchoFilter.invoke(EchoFilter.java:37)
	at com.alibaba.dubbo.rpc.protocol.ProtocolFilterWrapper$1.invoke(ProtocolFilterWrapper.java:68)
	at com.alibaba.dubbo.rpc.protocol.dubbo.DubboProtocol$1.reply(DubboProtocol.java:95)
	at com.alibaba.dubbo.remoting.exchange.support.header.HeaderExchangeHandler.handleRequest(HeaderExchangeHandler.java:96)
	at com.alibaba.dubbo.remoting.exchange.support.header.HeaderExchangeHandler.received(HeaderExchangeHandler.java:168)
	at com.alibaba.dubbo.remoting.transport.DecodeHandler.received(DecodeHandler.java:50)
	at com.alibaba.dubbo.remoting.transport.dispatcher.ChannelEventRunnable.run(ChannelEventRunnable.java:79)
	at java.util.concurrent.ThreadPoolExecutor.runWorker(ThreadPoolExecutor.java:1149)
	at java.util.concurrent.ThreadPoolExecutor$Worker.run(ThreadPoolExecutor.java:624)
	at java.lang.Thread.run(Thread.java:748)
