2018-05-20 14:30:38,874   [DUBBO] Failed to start NettyClient FantJ/192.168.218.1 connect to the server /172.31.234.97:20883 (check == false, ignore and retry later!), cause: client(url: dubbo://172.31.234.97:20883/com.tyut.notice.service.CompetitionService?anyhost=true&application=user-web&check=false&codec=dubbo&dubbo=2.5.3&heartbeat=60000&interface=com.tyut.notice.service.CompetitionService&methods=selectById&pid=12584&revision=2.0.0&side=consumer&timestamp=1526797827719&version=2.0.0) failed to connect to server /172.31.234.97:20883, error message is:connection timed out, dubbo version: 2.5.3, current host: 192.168.218.1
com.alibaba.dubbo.remoting.RemotingException: client(url: dubbo://172.31.234.97:20883/com.tyut.notice.service.CompetitionService?anyhost=true&application=user-web&check=false&codec=dubbo&dubbo=2.5.3&heartbeat=60000&interface=com.tyut.notice.service.CompetitionService&methods=selectById&pid=12584&revision=2.0.0&side=consumer&timestamp=1526797827719&version=2.0.0) failed to connect to server /172.31.234.97:20883, error message is:connection timed out
	at com.alibaba.dubbo.remoting.transport.netty.NettyClient.doConnect(NettyClient.java:124)
	at com.alibaba.dubbo.remoting.transport.AbstractClient.connect(AbstractClient.java:280)
	at com.alibaba.dubbo.remoting.transport.AbstractClient.<init>(AbstractClient.java:103)
	at com.alibaba.dubbo.remoting.transport.netty.NettyClient.<init>(NettyClient.java:61)
	at com.alibaba.dubbo.remoting.transport.netty.NettyTransporter.connect(NettyTransporter.java:37)
	at com.alibaba.dubbo.remoting.Transporter$Adpative.connect(Transporter$Adpative.java)
	at com.alibaba.dubbo.remoting.Transporters.connect(Transporters.java:67)
	at com.alibaba.dubbo.remoting.exchange.support.header.HeaderExchanger.connect(HeaderExchanger.java:37)
	at com.alibaba.dubbo.remoting.exchange.Exchangers.connect(Exchangers.java:102)
	at com.alibaba.dubbo.rpc.protocol.dubbo.DubboProtocol.initClient(DubboProtocol.java:378)
	at com.alibaba.dubbo.rpc.protocol.dubbo.DubboProtocol.getSharedClient(DubboProtocol.java:344)
	at com.alibaba.dubbo.rpc.protocol.dubbo.DubboProtocol.getClients(DubboProtocol.java:321)
	at com.alibaba.dubbo.rpc.protocol.dubbo.DubboProtocol.refer(DubboProtocol.java:303)
	at com.alibaba.dubbo.rpc.protocol.ProtocolFilterWrapper.refer(ProtocolFilterWrapper.java:62)
	at com.alibaba.dubbo.rpc.protocol.ProtocolListenerWrapper.refer(ProtocolListenerWrapper.java:65)
	at com.alibaba.dubbo.rpc.Protocol$Adpative.refer(Protocol$Adpative.java)
	at com.alibaba.dubbo.registry.integration.RegistryDirectory.toInvokers(RegistryDirectory.java:395)
	at com.alibaba.dubbo.registry.integration.RegistryDirectory.refreshInvoker(RegistryDirectory.java:224)
	at com.alibaba.dubbo.registry.integration.RegistryDirectory.notify(RegistryDirectory.java:195)
	at com.alibaba.dubbo.registry.support.AbstractRegistry.notify(AbstractRegistry.java:449)
	at com.alibaba.dubbo.registry.support.FailbackRegistry.doNotify(FailbackRegistry.java:273)
	at com.alibaba.dubbo.registry.support.FailbackRegistry.notify(FailbackRegistry.java:259)
	at com.alibaba.dubbo.registry.zookeeper.ZookeeperRegistry.doSubscribe(ZookeeperRegistry.java:170)
	at com.alibaba.dubbo.registry.support.FailbackRegistry.subscribe(FailbackRegistry.java:189)
	at com.alibaba.dubbo.registry.integration.RegistryDirectory.subscribe(RegistryDirectory.java:133)
	at com.alibaba.dubbo.registry.integration.RegistryProtocol.doRefer(RegistryProtocol.java:271)
	at com.alibaba.dubbo.registry.integration.RegistryProtocol.refer(RegistryProtocol.java:254)
	at com.alibaba.dubbo.rpc.protocol.ProtocolFilterWrapper.refer(ProtocolFilterWrapper.java:60)
	at com.alibaba.dubbo.rpc.protocol.ProtocolListenerWrapper.refer(ProtocolListenerWrapper.java:63)
	at com.alibaba.dubbo.rpc.Protocol$Adpative.refer(Protocol$Adpative.java)
	at com.alibaba.dubbo.config.ReferenceConfig.createProxy(ReferenceConfig.java:392)
	at com.alibaba.dubbo.config.ReferenceConfig.init(ReferenceConfig.java:300)
	at com.alibaba.dubbo.config.ReferenceConfig.get(ReferenceConfig.java:138)
	at com.alibaba.dubbo.config.spring.AnnotationBean.refer(AnnotationBean.java:302)
	at com.alibaba.dubbo.config.spring.AnnotationBean.postProcessBeforeInitialization(AnnotationBean.java:233)
	at org.springframework.beans.factory.support.AbstractAutowireCapableBeanFactory.applyBeanPostProcessorsBeforeInitialization(AbstractAutowireCapableBeanFactory.java:409)
	at org.springframework.beans.factory.support.AbstractAutowireCapableBeanFactory.initializeBean(AbstractAutowireCapableBeanFactory.java:1620)
	at org.springframework.beans.factory.support.AbstractAutowireCapableBeanFactory.doCreateBean(AbstractAutowireCapableBeanFactory.java:555)
	at org.springframework.beans.factory.support.AbstractAutowireCapableBeanFactory.createBean(AbstractAutowireCapableBeanFactory.java:483)
	at org.springframework.beans.factory.support.AbstractBeanFactory$1.getObject(AbstractBeanFactory.java:306)
	at org.springframework.beans.factory.support.DefaultSingletonBeanRegistry.getSingleton(DefaultSingletonBeanRegistry.java:230)
	at org.springframework.beans.factory.support.AbstractBeanFactory.doGetBean(AbstractBeanFactory.java:302)
	at org.springframework.beans.factory.support.AbstractBeanFactory.getBean(AbstractBeanFactory.java:197)
	at org.springframework.beans.factory.support.DefaultListableBeanFactory.preInstantiateSingletons(DefaultListableBeanFactory.java:761)
	at org.springframework.context.support.AbstractApplicationContext.finishBeanFactoryInitialization(AbstractApplicationContext.java:867)
	at org.springframework.context.support.AbstractApplicationContext.refresh(AbstractApplicationContext.java:543)
	at org.springframework.boot.context.embedded.EmbeddedWebApplicationContext.refresh(EmbeddedWebApplicationContext.java:122)
	at org.springframework.boot.SpringApplication.refresh(SpringApplication.java:693)
	at org.springframework.boot.SpringApplication.refreshContext(SpringApplication.java:360)
	at org.springframework.boot.SpringApplication.run(SpringApplication.java:303)
	at org.springframework.boot.SpringApplication.run(SpringApplication.java:1118)
	at org.springframework.boot.SpringApplication.run(SpringApplication.java:1107)
	at com.tyut.web.Web.main(Web.java:16)
Caused by: java.net.ConnectException: connection timed out
	at org.jboss.netty.channel.socket.nio.NioClientSocketPipelineSink$Boss.processConnectTimeout(NioClientSocketPipelineSink.java:371)
	at org.jboss.netty.channel.socket.nio.NioClientSocketPipelineSink$Boss.run(NioClientSocketPipelineSink.java:283)
	at java.util.concurrent.ThreadPoolExecutor.runWorker(ThreadPoolExecutor.java:1149)
	at java.util.concurrent.ThreadPoolExecutor$Worker.run(ThreadPoolExecutor.java:624)
	at java.lang.Thread.run(Thread.java:748)
2018-05-20 14:30:38,916   [DUBBO] Failed to init remote service reference at filed competitionService in class com.tyut.web.controller.CompetitionController, cause: Failed to check the status of the service com.tyut.notice.service.CompetitionService. No provider available for the service com.tyut.notice.service.CompetitionService:2.0.0 from the url zookeeper://47.104.209.96:2181/com.alibaba.dubbo.registry.RegistryService?anyhost=true&application=user-web&check=false&dubbo=2.5.3&interface=com.tyut.notice.service.CompetitionService&methods=selectById&pid=12584&revision=2.0.0&side=consumer&timestamp=1526797827719&version=2.0.0 to the consumer 192.168.218.1 use dubbo version 2.5.3, dubbo version: 2.5.3, current host: 192.168.218.1
java.lang.IllegalStateException: Failed to check the status of the service com.tyut.notice.service.CompetitionService. No provider available for the service com.tyut.notice.service.CompetitionService:2.0.0 from the url zookeeper://47.104.209.96:2181/com.alibaba.dubbo.registry.RegistryService?anyhost=true&application=user-web&check=false&dubbo=2.5.3&interface=com.tyut.notice.service.CompetitionService&methods=selectById&pid=12584&revision=2.0.0&side=consumer&timestamp=1526797827719&version=2.0.0 to the consumer 192.168.218.1 use dubbo version 2.5.3
	at com.alibaba.dubbo.config.ReferenceConfig.createProxy(ReferenceConfig.java:420)
	at com.alibaba.dubbo.config.ReferenceConfig.init(ReferenceConfig.java:300)
	at com.alibaba.dubbo.config.ReferenceConfig.get(ReferenceConfig.java:138)
	at com.alibaba.dubbo.config.spring.AnnotationBean.refer(AnnotationBean.java:302)
	at com.alibaba.dubbo.config.spring.AnnotationBean.postProcessBeforeInitialization(AnnotationBean.java:233)
	at org.springframework.beans.factory.support.AbstractAutowireCapableBeanFactory.applyBeanPostProcessorsBeforeInitialization(AbstractAutowireCapableBeanFactory.java:409)
	at org.springframework.beans.factory.support.AbstractAutowireCapableBeanFactory.initializeBean(AbstractAutowireCapableBeanFactory.java:1620)
	at org.springframework.beans.factory.support.AbstractAutowireCapableBeanFactory.doCreateBean(AbstractAutowireCapableBeanFactory.java:555)
	at org.springframework.beans.factory.support.AbstractAutowireCapableBeanFactory.createBean(AbstractAutowireCapableBeanFactory.java:483)
	at org.springframework.beans.factory.support.AbstractBeanFactory$1.getObject(AbstractBeanFactory.java:306)
	at org.springframework.beans.factory.support.DefaultSingletonBeanRegistry.getSingleton(DefaultSingletonBeanRegistry.java:230)
	at org.springframework.beans.factory.support.AbstractBeanFactory.doGetBean(AbstractBeanFactory.java:302)
	at org.springframework.beans.factory.support.AbstractBeanFactory.getBean(AbstractBeanFactory.java:197)
	at org.springframework.beans.factory.support.DefaultListableBeanFactory.preInstantiateSingletons(DefaultListableBeanFactory.java:761)
	at org.springframework.context.support.AbstractApplicationContext.finishBeanFactoryInitialization(AbstractApplicationContext.java:867)
	at org.springframework.context.support.AbstractApplicationContext.refresh(AbstractApplicationContext.java:543)
	at org.springframework.boot.context.embedded.EmbeddedWebApplicationContext.refresh(EmbeddedWebApplicationContext.java:122)
	at org.springframework.boot.SpringApplication.refresh(SpringApplication.java:693)
	at org.springframework.boot.SpringApplication.refreshContext(SpringApplication.java:360)
	at org.springframework.boot.SpringApplication.run(SpringApplication.java:303)
	at org.springframework.boot.SpringApplication.run(SpringApplication.java:1118)
	at org.springframework.boot.SpringApplication.run(SpringApplication.java:1107)
	at com.tyut.web.Web.main(Web.java:16)
2018-05-20 14:30:40,853   [DUBBO] Failed to start NettyClient FantJ/192.168.218.1 connect to the server /172.31.234.97:20880 (check == false, ignore and retry later!), cause: client(url: dubbo://172.31.234.97:20880/com.tyut.user.service.UserEduService?anyhost=true&application=user-web&check=false&codec=dubbo&dubbo=2.5.3&heartbeat=60000&interface=com.tyut.user.service.UserEduService&methods=getAll&pid=12584&revision=2.0.0&side=consumer&timestamp=1526797838948&version=2.0.0) failed to connect to server /172.31.234.97:20880, error message is:connection timed out, dubbo version: 2.5.3, current host: 192.168.218.1
com.alibaba.dubbo.remoting.RemotingException: client(url: dubbo://172.31.234.97:20880/com.tyut.user.service.UserEduService?anyhost=true&application=user-web&check=false&codec=dubbo&dubbo=2.5.3&heartbeat=60000&interface=com.tyut.user.service.UserEduService&methods=getAll&pid=12584&revision=2.0.0&side=consumer&timestamp=1526797838948&version=2.0.0) failed to connect to server /172.31.234.97:20880, error message is:connection timed out
	at com.alibaba.dubbo.remoting.transport.netty.NettyClient.doConnect(NettyClient.java:124)
	at com.alibaba.dubbo.remoting.transport.AbstractClient.connect(AbstractClient.java:280)
	at com.alibaba.dubbo.remoting.transport.AbstractClient.<init>(AbstractClient.java:103)
	at com.alibaba.dubbo.remoting.transport.netty.NettyClient.<init>(NettyClient.java:61)
	at com.alibaba.dubbo.remoting.transport.netty.NettyTransporter.connect(NettyTransporter.java:37)
	at com.alibaba.dubbo.remoting.Transporter$Adpative.connect(Transporter$Adpative.java)
	at com.alibaba.dubbo.remoting.Transporters.connect(Transporters.java:67)
	at com.alibaba.dubbo.remoting.exchange.support.header.HeaderExchanger.connect(HeaderExchanger.java:37)
	at com.alibaba.dubbo.remoting.exchange.Exchangers.connect(Exchangers.java:102)
	at com.alibaba.dubbo.rpc.protocol.dubbo.DubboProtocol.initClient(DubboProtocol.java:378)
	at com.alibaba.dubbo.rpc.protocol.dubbo.DubboProtocol.getSharedClient(DubboProtocol.java:344)
	at com.alibaba.dubbo.rpc.protocol.dubbo.DubboProtocol.getClients(DubboProtocol.java:321)
	at com.alibaba.dubbo.rpc.protocol.dubbo.DubboProtocol.refer(DubboProtocol.java:303)
	at com.alibaba.dubbo.rpc.protocol.ProtocolFilterWrapper.refer(ProtocolFilterWrapper.java:62)
	at com.alibaba.dubbo.rpc.protocol.ProtocolListenerWrapper.refer(ProtocolListenerWrapper.java:65)
	at com.alibaba.dubbo.rpc.Protocol$Adpative.refer(Protocol$Adpative.java)
	at com.alibaba.dubbo.registry.integration.RegistryDirectory.toInvokers(RegistryDirectory.java:395)
	at com.alibaba.dubbo.registry.integration.RegistryDirectory.refreshInvoker(RegistryDirectory.java:224)
	at com.alibaba.dubbo.registry.integration.RegistryDirectory.notify(RegistryDirectory.java:195)
	at com.alibaba.dubbo.registry.support.AbstractRegistry.notify(AbstractRegistry.java:449)
	at com.alibaba.dubbo.registry.support.FailbackRegistry.doNotify(FailbackRegistry.java:273)
	at com.alibaba.dubbo.registry.support.FailbackRegistry.notify(FailbackRegistry.java:259)
	at com.alibaba.dubbo.registry.zookeeper.ZookeeperRegistry.doSubscribe(ZookeeperRegistry.java:170)
	at com.alibaba.dubbo.registry.support.FailbackRegistry.subscribe(FailbackRegistry.java:189)
	at com.alibaba.dubbo.registry.integration.RegistryDirectory.subscribe(RegistryDirectory.java:133)
	at com.alibaba.dubbo.registry.integration.RegistryProtocol.doRefer(RegistryProtocol.java:271)
	at com.alibaba.dubbo.registry.integration.RegistryProtocol.refer(RegistryProtocol.java:254)
	at com.alibaba.dubbo.rpc.protocol.ProtocolFilterWrapper.refer(ProtocolFilterWrapper.java:60)
	at com.alibaba.dubbo.rpc.protocol.ProtocolListenerWrapper.refer(ProtocolListenerWrapper.java:63)
	at com.alibaba.dubbo.rpc.Protocol$Adpative.refer(Protocol$Adpative.java)
	at com.alibaba.dubbo.config.ReferenceConfig.createProxy(ReferenceConfig.java:392)
	at com.alibaba.dubbo.config.ReferenceConfig.init(ReferenceConfig.java:300)
	at com.alibaba.dubbo.config.ReferenceConfig.get(ReferenceConfig.java:138)
	at com.alibaba.dubbo.config.spring.AnnotationBean.refer(AnnotationBean.java:302)
	at com.alibaba.dubbo.config.spring.AnnotationBean.postProcessBeforeInitialization(AnnotationBean.java:233)
	at org.springframework.beans.factory.support.AbstractAutowireCapableBeanFactory.applyBeanPostProcessorsBeforeInitialization(AbstractAutowireCapableBeanFactory.java:409)
	at org.springframework.beans.factory.support.AbstractAutowireCapableBeanFactory.initializeBean(AbstractAutowireCapableBeanFactory.java:1620)
	at org.springframework.beans.factory.support.AbstractAutowireCapableBeanFactory.doCreateBean(AbstractAutowireCapableBeanFactory.java:555)
	at org.springframework.beans.factory.support.AbstractAutowireCapableBeanFactory.createBean(AbstractAutowireCapableBeanFactory.java:483)
	at org.springframework.beans.factory.support.AbstractBeanFactory$1.getObject(AbstractBeanFactory.java:306)
	at org.springframework.beans.factory.support.DefaultSingletonBeanRegistry.getSingleton(DefaultSingletonBeanRegistry.java:230)
	at org.springframework.beans.factory.support.AbstractBeanFactory.doGetBean(AbstractBeanFactory.java:302)
	at org.springframework.beans.factory.support.AbstractBeanFactory.getBean(AbstractBeanFactory.java:197)
	at org.springframework.beans.factory.support.DefaultListableBeanFactory.preInstantiateSingletons(DefaultListableBeanFactory.java:761)
	at org.springframework.context.support.AbstractApplicationContext.finishBeanFactoryInitialization(AbstractApplicationContext.java:867)
	at org.springframework.context.support.AbstractApplicationContext.refresh(AbstractApplicationContext.java:543)
	at org.springframework.boot.context.embedded.EmbeddedWebApplicationContext.refresh(EmbeddedWebApplicationContext.java:122)
	at org.springframework.boot.SpringApplication.refresh(SpringApplication.java:693)
	at org.springframework.boot.SpringApplication.refreshContext(SpringApplication.java:360)
	at org.springframework.boot.SpringApplication.run(SpringApplication.java:303)
	at org.springframework.boot.SpringApplication.run(SpringApplication.java:1118)
	at org.springframework.boot.SpringApplication.run(SpringApplication.java:1107)
	at com.tyut.web.Web.main(Web.java:16)
Caused by: java.net.ConnectException: connection timed out
	at org.jboss.netty.channel.socket.nio.NioClientSocketPipelineSink$Boss.processConnectTimeout(NioClientSocketPipelineSink.java:371)
	at org.jboss.netty.channel.socket.nio.NioClientSocketPipelineSink$Boss.run(NioClientSocketPipelineSink.java:283)
	at java.util.concurrent.ThreadPoolExecutor.runWorker(ThreadPoolExecutor.java:1149)
	at java.util.concurrent.ThreadPoolExecutor$Worker.run(ThreadPoolExecutor.java:624)
	at java.lang.Thread.run(Thread.java:748)
2018-05-20 14:30:40,859   [DUBBO] Failed to init remote service reference at filed userEduService in class com.tyut.web.controller.EduController, cause: Failed to check the status of the service com.tyut.user.service.UserEduService. No provider available for the service com.tyut.user.service.UserEduService:2.0.0 from the url zookeeper://47.104.209.96:2181/com.alibaba.dubbo.registry.RegistryService?anyhost=true&application=user-web&check=false&dubbo=2.5.3&interface=com.tyut.user.service.UserEduService&methods=getAll&pid=12584&revision=2.0.0&side=consumer&timestamp=1526797838948&version=2.0.0 to the consumer 192.168.218.1 use dubbo version 2.5.3, dubbo version: 2.5.3, current host: 192.168.218.1
java.lang.IllegalStateException: Failed to check the status of the service com.tyut.user.service.UserEduService. No provider available for the service com.tyut.user.service.UserEduService:2.0.0 from the url zookeeper://47.104.209.96:2181/com.alibaba.dubbo.registry.RegistryService?anyhost=true&application=user-web&check=false&dubbo=2.5.3&interface=com.tyut.user.service.UserEduService&methods=getAll&pid=12584&revision=2.0.0&side=consumer&timestamp=1526797838948&version=2.0.0 to the consumer 192.168.218.1 use dubbo version 2.5.3
	at com.alibaba.dubbo.config.ReferenceConfig.createProxy(ReferenceConfig.java:420)
	at com.alibaba.dubbo.config.ReferenceConfig.init(ReferenceConfig.java:300)
	at com.alibaba.dubbo.config.ReferenceConfig.get(ReferenceConfig.java:138)
	at com.alibaba.dubbo.config.spring.AnnotationBean.refer(AnnotationBean.java:302)
	at com.alibaba.dubbo.config.spring.AnnotationBean.postProcessBeforeInitialization(AnnotationBean.java:233)
	at org.springframework.beans.factory.support.AbstractAutowireCapableBeanFactory.applyBeanPostProcessorsBeforeInitialization(AbstractAutowireCapableBeanFactory.java:409)
	at org.springframework.beans.factory.support.AbstractAutowireCapableBeanFactory.initializeBean(AbstractAutowireCapableBeanFactory.java:1620)
	at org.springframework.beans.factory.support.AbstractAutowireCapableBeanFactory.doCreateBean(AbstractAutowireCapableBeanFactory.java:555)
	at org.springframework.beans.factory.support.AbstractAutowireCapableBeanFactory.createBean(AbstractAutowireCapableBeanFactory.java:483)
	at org.springframework.beans.factory.support.AbstractBeanFactory$1.getObject(AbstractBeanFactory.java:306)
	at org.springframework.beans.factory.support.DefaultSingletonBeanRegistry.getSingleton(DefaultSingletonBeanRegistry.java:230)
	at org.springframework.beans.factory.support.AbstractBeanFactory.doGetBean(AbstractBeanFactory.java:302)
	at org.springframework.beans.factory.support.AbstractBeanFactory.getBean(AbstractBeanFactory.java:197)
	at org.springframework.beans.factory.support.DefaultListableBeanFactory.preInstantiateSingletons(DefaultListableBeanFactory.java:761)
	at org.springframework.context.support.AbstractApplicationContext.finishBeanFactoryInitialization(AbstractApplicationContext.java:867)
	at org.springframework.context.support.AbstractApplicationContext.refresh(AbstractApplicationContext.java:543)
	at org.springframework.boot.context.embedded.EmbeddedWebApplicationContext.refresh(EmbeddedWebApplicationContext.java:122)
	at org.springframework.boot.SpringApplication.refresh(SpringApplication.java:693)
	at org.springframework.boot.SpringApplication.refreshContext(SpringApplication.java:360)
	at org.springframework.boot.SpringApplication.run(SpringApplication.java:303)
	at org.springframework.boot.SpringApplication.run(SpringApplication.java:1118)
	at org.springframework.boot.SpringApplication.run(SpringApplication.java:1107)
	at com.tyut.web.Web.main(Web.java:16)
2018-05-20 14:30:41,719   [DUBBO] Failed to init remote service reference at filed guestService in class com.tyut.web.controller.GuestController, cause: Failed to check the status of the service com.tyut.notice.service.GuestService. No provider available for the service com.tyut.notice.service.GuestService:2.0.0 from the url zookeeper://47.104.209.96:2181/com.alibaba.dubbo.registry.RegistryService?anyhost=true&application=user-web&check=false&dubbo=2.5.3&interface=com.tyut.notice.service.GuestService&methods=selectAll0,selectById,selectAll1&pid=12584&revision=2.0.0&side=consumer&timestamp=1526797840884&version=2.0.0 to the consumer 192.168.218.1 use dubbo version 2.5.3, dubbo version: 2.5.3, current host: 192.168.218.1
java.lang.IllegalStateException: Failed to check the status of the service com.tyut.notice.service.GuestService. No provider available for the service com.tyut.notice.service.GuestService:2.0.0 from the url zookeeper://47.104.209.96:2181/com.alibaba.dubbo.registry.RegistryService?anyhost=true&application=user-web&check=false&dubbo=2.5.3&interface=com.tyut.notice.service.GuestService&methods=selectAll0,selectById,selectAll1&pid=12584&revision=2.0.0&side=consumer&timestamp=1526797840884&version=2.0.0 to the consumer 192.168.218.1 use dubbo version 2.5.3
	at com.alibaba.dubbo.config.ReferenceConfig.createProxy(ReferenceConfig.java:420)
	at com.alibaba.dubbo.config.ReferenceConfig.init(ReferenceConfig.java:300)
	at com.alibaba.dubbo.config.ReferenceConfig.get(ReferenceConfig.java:138)
	at com.alibaba.dubbo.config.spring.AnnotationBean.refer(AnnotationBean.java:302)
	at com.alibaba.dubbo.config.spring.AnnotationBean.postProcessBeforeInitialization(AnnotationBean.java:233)
	at org.springframework.beans.factory.support.AbstractAutowireCapableBeanFactory.applyBeanPostProcessorsBeforeInitialization(AbstractAutowireCapableBeanFactory.java:409)
	at org.springframework.beans.factory.support.AbstractAutowireCapableBeanFactory.initializeBean(AbstractAutowireCapableBeanFactory.java:1620)
	at org.springframework.beans.factory.support.AbstractAutowireCapableBeanFactory.doCreateBean(AbstractAutowireCapableBeanFactory.java:555)
	at org.springframework.beans.factory.support.AbstractAutowireCapableBeanFactory.createBean(AbstractAutowireCapableBeanFactory.java:483)
	at org.springframework.beans.factory.support.AbstractBeanFactory$1.getObject(AbstractBeanFactory.java:306)
	at org.springframework.beans.factory.support.DefaultSingletonBeanRegistry.getSingleton(DefaultSingletonBeanRegistry.java:230)
	at org.springframework.beans.factory.support.AbstractBeanFactory.doGetBean(AbstractBeanFactory.java:302)
	at org.springframework.beans.factory.support.AbstractBeanFactory.getBean(AbstractBeanFactory.java:197)
	at org.springframework.beans.factory.support.DefaultListableBeanFactory.preInstantiateSingletons(DefaultListableBeanFactory.java:761)
	at org.springframework.context.support.AbstractApplicationContext.finishBeanFactoryInitialization(AbstractApplicationContext.java:867)
	at org.springframework.context.support.AbstractApplicationContext.refresh(AbstractApplicationContext.java:543)
	at org.springframework.boot.context.embedded.EmbeddedWebApplicationContext.refresh(EmbeddedWebApplicationContext.java:122)
	at org.springframework.boot.SpringApplication.refresh(SpringApplication.java:693)
	at org.springframework.boot.SpringApplication.refreshContext(SpringApplication.java:360)
	at org.springframework.boot.SpringApplication.run(SpringApplication.java:303)
	at org.springframework.boot.SpringApplication.run(SpringApplication.java:1118)
	at org.springframework.boot.SpringApplication.run(SpringApplication.java:1107)
	at com.tyut.web.Web.main(Web.java:16)
2018-05-20 14:30:42,573   [DUBBO] Failed to init remote service reference at filed userService in class com.tyut.web.controller.MyUserDetailsService, cause: Failed to check the status of the service com.tyut.user.service.UserService. No provider available for the service com.tyut.user.service.UserService:2.0.0 from the url zookeeper://47.104.209.96:2181/com.alibaba.dubbo.registry.RegistryService?anyhost=true&application=user-web&check=false&dubbo=2.5.3&interface=com.tyut.user.service.UserService&loadbalance=roundrobin&methods=selectPasswdByEmail,update,insert,selectById,isExistPhone,selectPasswdByPhone,isExistEmail&pid=12584&revision=2.0.0&side=consumer&timestamp=1526797841735&version=2.0.0 to the consumer 192.168.218.1 use dubbo version 2.5.3, dubbo version: 2.5.3, current host: 192.168.218.1
java.lang.IllegalStateException: Failed to check the status of the service com.tyut.user.service.UserService. No provider available for the service com.tyut.user.service.UserService:2.0.0 from the url zookeeper://47.104.209.96:2181/com.alibaba.dubbo.registry.RegistryService?anyhost=true&application=user-web&check=false&dubbo=2.5.3&interface=com.tyut.user.service.UserService&loadbalance=roundrobin&methods=selectPasswdByEmail,update,insert,selectById,isExistPhone,selectPasswdByPhone,isExistEmail&pid=12584&revision=2.0.0&side=consumer&timestamp=1526797841735&version=2.0.0 to the consumer 192.168.218.1 use dubbo version 2.5.3
	at com.alibaba.dubbo.config.ReferenceConfig.createProxy(ReferenceConfig.java:420)
	at com.alibaba.dubbo.config.ReferenceConfig.init(ReferenceConfig.java:300)
	at com.alibaba.dubbo.config.ReferenceConfig.get(ReferenceConfig.java:138)
	at com.alibaba.dubbo.config.spring.AnnotationBean.refer(AnnotationBean.java:302)
	at com.alibaba.dubbo.config.spring.AnnotationBean.postProcessBeforeInitialization(AnnotationBean.java:233)
	at org.springframework.beans.factory.support.AbstractAutowireCapableBeanFactory.applyBeanPostProcessorsBeforeInitialization(AbstractAutowireCapableBeanFactory.java:409)
	at org.springframework.beans.factory.support.AbstractAutowireCapableBeanFactory.initializeBean(AbstractAutowireCapableBeanFactory.java:1620)
	at org.springframework.beans.factory.support.AbstractAutowireCapableBeanFactory.doCreateBean(AbstractAutowireCapableBeanFactory.java:555)
	at org.springframework.beans.factory.support.AbstractAutowireCapableBeanFactory.createBean(AbstractAutowireCapableBeanFactory.java:483)
	at org.springframework.beans.factory.support.AbstractBeanFactory$1.getObject(AbstractBeanFactory.java:306)
	at org.springframework.beans.factory.support.DefaultSingletonBeanRegistry.getSingleton(DefaultSingletonBeanRegistry.java:230)
	at org.springframework.beans.factory.support.AbstractBeanFactory.doGetBean(AbstractBeanFactory.java:302)
	at org.springframework.beans.factory.support.AbstractBeanFactory.getBean(AbstractBeanFactory.java:197)
	at org.springframework.beans.factory.support.DefaultListableBeanFactory.preInstantiateSingletons(DefaultListableBeanFactory.java:761)
	at org.springframework.context.support.AbstractApplicationContext.finishBeanFactoryInitialization(AbstractApplicationContext.java:867)
	at org.springframework.context.support.AbstractApplicationContext.refresh(AbstractApplicationContext.java:543)
	at org.springframework.boot.context.embedded.EmbeddedWebApplicationContext.refresh(EmbeddedWebApplicationContext.java:122)
	at org.springframework.boot.SpringApplication.refresh(SpringApplication.java:693)
	at org.springframework.boot.SpringApplication.refreshContext(SpringApplication.java:360)
	at org.springframework.boot.SpringApplication.run(SpringApplication.java:303)
	at org.springframework.boot.SpringApplication.run(SpringApplication.java:1118)
	at org.springframework.boot.SpringApplication.run(SpringApplication.java:1107)
	at com.tyut.web.Web.main(Web.java:16)
2018-05-20 14:30:43,412   [DUBBO] Failed to init remote service reference at filed noticeService in class com.tyut.web.controller.NoticeController, cause: Failed to check the status of the service com.tyut.notice.service.NoticeService. No provider available for the service com.tyut.notice.service.NoticeService:2.0.0 from the url zookeeper://47.104.209.96:2181/com.alibaba.dubbo.registry.RegistryService?anyhost=true&application=user-web&check=false&dubbo=2.5.3&interface=com.tyut.notice.service.NoticeService&methods=selectAll,selectById&pid=12584&revision=2.0.0&side=consumer&timestamp=1526797842586&version=2.0.0 to the consumer 192.168.218.1 use dubbo version 2.5.3, dubbo version: 2.5.3, current host: 192.168.218.1
java.lang.IllegalStateException: Failed to check the status of the service com.tyut.notice.service.NoticeService. No provider available for the service com.tyut.notice.service.NoticeService:2.0.0 from the url zookeeper://47.104.209.96:2181/com.alibaba.dubbo.registry.RegistryService?anyhost=true&application=user-web&check=false&dubbo=2.5.3&interface=com.tyut.notice.service.NoticeService&methods=selectAll,selectById&pid=12584&revision=2.0.0&side=consumer&timestamp=1526797842586&version=2.0.0 to the consumer 192.168.218.1 use dubbo version 2.5.3
	at com.alibaba.dubbo.config.ReferenceConfig.createProxy(ReferenceConfig.java:420)
	at com.alibaba.dubbo.config.ReferenceConfig.init(ReferenceConfig.java:300)
	at com.alibaba.dubbo.config.ReferenceConfig.get(ReferenceConfig.java:138)
	at com.alibaba.dubbo.config.spring.AnnotationBean.refer(AnnotationBean.java:302)
	at com.alibaba.dubbo.config.spring.AnnotationBean.postProcessBeforeInitialization(AnnotationBean.java:233)
	at org.springframework.beans.factory.support.AbstractAutowireCapableBeanFactory.applyBeanPostProcessorsBeforeInitialization(AbstractAutowireCapableBeanFactory.java:409)
	at org.springframework.beans.factory.support.AbstractAutowireCapableBeanFactory.initializeBean(AbstractAutowireCapableBeanFactory.java:1620)
	at org.springframework.beans.factory.support.AbstractAutowireCapableBeanFactory.doCreateBean(AbstractAutowireCapableBeanFactory.java:555)
	at org.springframework.beans.factory.support.AbstractAutowireCapableBeanFactory.createBean(AbstractAutowireCapableBeanFactory.java:483)
	at org.springframework.beans.factory.support.AbstractBeanFactory$1.getObject(AbstractBeanFactory.java:306)
	at org.springframework.beans.factory.support.DefaultSingletonBeanRegistry.getSingleton(DefaultSingletonBeanRegistry.java:230)
	at org.springframework.beans.factory.support.AbstractBeanFactory.doGetBean(AbstractBeanFactory.java:302)
	at org.springframework.beans.factory.support.AbstractBeanFactory.getBean(AbstractBeanFactory.java:197)
	at org.springframework.beans.factory.support.DefaultListableBeanFactory.preInstantiateSingletons(DefaultListableBeanFactory.java:761)
	at org.springframework.context.support.AbstractApplicationContext.finishBeanFactoryInitialization(AbstractApplicationContext.java:867)
	at org.springframework.context.support.AbstractApplicationContext.refresh(AbstractApplicationContext.java:543)
	at org.springframework.boot.context.embedded.EmbeddedWebApplicationContext.refresh(EmbeddedWebApplicationContext.java:122)
	at org.springframework.boot.SpringApplication.refresh(SpringApplication.java:693)
	at org.springframework.boot.SpringApplication.refreshContext(SpringApplication.java:360)
	at org.springframework.boot.SpringApplication.run(SpringApplication.java:303)
	at org.springframework.boot.SpringApplication.run(SpringApplication.java:1118)
	at org.springframework.boot.SpringApplication.run(SpringApplication.java:1107)
	at com.tyut.web.Web.main(Web.java:16)
2018-05-20 14:30:45,298   [DUBBO] Failed to start NettyClient FantJ/192.168.218.1 connect to the server /172.31.234.97:20882 (check == false, ignore and retry later!), cause: client(url: dubbo://172.31.234.97:20882/com.tyut.school.service.SchoolService?anyhost=true&application=user-web&check=false&codec=dubbo&dubbo=2.5.3&heartbeat=60000&interface=com.tyut.school.service.SchoolService&loadbalance=random&methods=selectAll,update,insert,selectById,selectLike&pid=12584&revision=2.0.1&side=consumer&timestamp=1526797843441&version=2.0.1) failed to connect to server /172.31.234.97:20882, error message is:connection timed out, dubbo version: 2.5.3, current host: 192.168.218.1
com.alibaba.dubbo.remoting.RemotingException: client(url: dubbo://172.31.234.97:20882/com.tyut.school.service.SchoolService?anyhost=true&application=user-web&check=false&codec=dubbo&dubbo=2.5.3&heartbeat=60000&interface=com.tyut.school.service.SchoolService&loadbalance=random&methods=selectAll,update,insert,selectById,selectLike&pid=12584&revision=2.0.1&side=consumer&timestamp=1526797843441&version=2.0.1) failed to connect to server /172.31.234.97:20882, error message is:connection timed out
	at com.alibaba.dubbo.remoting.transport.netty.NettyClient.doConnect(NettyClient.java:124)
	at com.alibaba.dubbo.remoting.transport.AbstractClient.connect(AbstractClient.java:280)
	at com.alibaba.dubbo.remoting.transport.AbstractClient.<init>(AbstractClient.java:103)
	at com.alibaba.dubbo.remoting.transport.netty.NettyClient.<init>(NettyClient.java:61)
	at com.alibaba.dubbo.remoting.transport.netty.NettyTransporter.connect(NettyTransporter.java:37)
	at com.alibaba.dubbo.remoting.Transporter$Adpative.connect(Transporter$Adpative.java)
	at com.alibaba.dubbo.remoting.Transporters.connect(Transporters.java:67)
	at com.alibaba.dubbo.remoting.exchange.support.header.HeaderExchanger.connect(HeaderExchanger.java:37)
	at com.alibaba.dubbo.remoting.exchange.Exchangers.connect(Exchangers.java:102)
	at com.alibaba.dubbo.rpc.protocol.dubbo.DubboProtocol.initClient(DubboProtocol.java:378)
	at com.alibaba.dubbo.rpc.protocol.dubbo.DubboProtocol.getSharedClient(DubboProtocol.java:344)
	at com.alibaba.dubbo.rpc.protocol.dubbo.DubboProtocol.getClients(DubboProtocol.java:321)
	at com.alibaba.dubbo.rpc.protocol.dubbo.DubboProtocol.refer(DubboProtocol.java:303)
	at com.alibaba.dubbo.rpc.protocol.ProtocolFilterWrapper.refer(ProtocolFilterWrapper.java:62)
	at com.alibaba.dubbo.rpc.protocol.ProtocolListenerWrapper.refer(ProtocolListenerWrapper.java:65)
	at com.alibaba.dubbo.rpc.Protocol$Adpative.refer(Protocol$Adpative.java)
	at com.alibaba.dubbo.registry.integration.RegistryDirectory.toInvokers(RegistryDirectory.java:395)
	at com.alibaba.dubbo.registry.integration.RegistryDirectory.refreshInvoker(RegistryDirectory.java:224)
	at com.alibaba.dubbo.registry.integration.RegistryDirectory.notify(RegistryDirectory.java:195)
	at com.alibaba.dubbo.registry.support.AbstractRegistry.notify(AbstractRegistry.java:449)
	at com.alibaba.dubbo.registry.support.FailbackRegistry.doNotify(FailbackRegistry.java:273)
	at com.alibaba.dubbo.registry.support.FailbackRegistry.notify(FailbackRegistry.java:259)
	at com.alibaba.dubbo.registry.zookeeper.ZookeeperRegistry.doSubscribe(ZookeeperRegistry.java:170)
	at com.alibaba.dubbo.registry.support.FailbackRegistry.subscribe(FailbackRegistry.java:189)
	at com.alibaba.dubbo.registry.integration.RegistryDirectory.subscribe(RegistryDirectory.java:133)
	at com.alibaba.dubbo.registry.integration.RegistryProtocol.doRefer(RegistryProtocol.java:271)
	at com.alibaba.dubbo.registry.integration.RegistryProtocol.refer(RegistryProtocol.java:254)
	at com.alibaba.dubbo.rpc.protocol.ProtocolFilterWrapper.refer(ProtocolFilterWrapper.java:60)
	at com.alibaba.dubbo.rpc.protocol.ProtocolListenerWrapper.refer(ProtocolListenerWrapper.java:63)
	at com.alibaba.dubbo.rpc.Protocol$Adpative.refer(Protocol$Adpative.java)
	at com.alibaba.dubbo.config.ReferenceConfig.createProxy(ReferenceConfig.java:392)
	at com.alibaba.dubbo.config.ReferenceConfig.init(ReferenceConfig.java:300)
	at com.alibaba.dubbo.config.ReferenceConfig.get(ReferenceConfig.java:138)
	at com.alibaba.dubbo.config.spring.AnnotationBean.refer(AnnotationBean.java:302)
	at com.alibaba.dubbo.config.spring.AnnotationBean.postProcessBeforeInitialization(AnnotationBean.java:233)
	at org.springframework.beans.factory.support.AbstractAutowireCapableBeanFactory.applyBeanPostProcessorsBeforeInitialization(AbstractAutowireCapableBeanFactory.java:409)
	at org.springframework.beans.factory.support.AbstractAutowireCapableBeanFactory.initializeBean(AbstractAutowireCapableBeanFactory.java:1620)
	at org.springframework.beans.factory.support.AbstractAutowireCapableBeanFactory.doCreateBean(AbstractAutowireCapableBeanFactory.java:555)
	at org.springframework.beans.factory.support.AbstractAutowireCapableBeanFactory.createBean(AbstractAutowireCapableBeanFactory.java:483)
	at org.springframework.beans.factory.support.AbstractBeanFactory$1.getObject(AbstractBeanFactory.java:306)
	at org.springframework.beans.factory.support.DefaultSingletonBeanRegistry.getSingleton(DefaultSingletonBeanRegistry.java:230)
	at org.springframework.beans.factory.support.AbstractBeanFactory.doGetBean(AbstractBeanFactory.java:302)
	at org.springframework.beans.factory.support.AbstractBeanFactory.getBean(AbstractBeanFactory.java:197)
	at org.springframework.beans.factory.support.DefaultListableBeanFactory.preInstantiateSingletons(DefaultListableBeanFactory.java:761)
	at org.springframework.context.support.AbstractApplicationContext.finishBeanFactoryInitialization(AbstractApplicationContext.java:867)
	at org.springframework.context.support.AbstractApplicationContext.refresh(AbstractApplicationContext.java:543)
	at org.springframework.boot.context.embedded.EmbeddedWebApplicationContext.refresh(EmbeddedWebApplicationContext.java:122)
	at org.springframework.boot.SpringApplication.refresh(SpringApplication.java:693)
	at org.springframework.boot.SpringApplication.refreshContext(SpringApplication.java:360)
	at org.springframework.boot.SpringApplication.run(SpringApplication.java:303)
	at org.springframework.boot.SpringApplication.run(SpringApplication.java:1118)
	at org.springframework.boot.SpringApplication.run(SpringApplication.java:1107)
	at com.tyut.web.Web.main(Web.java:16)
Caused by: java.net.ConnectException: connection timed out
	at org.jboss.netty.channel.socket.nio.NioClientSocketPipelineSink$Boss.processConnectTimeout(NioClientSocketPipelineSink.java:371)
	at org.jboss.netty.channel.socket.nio.NioClientSocketPipelineSink$Boss.run(NioClientSocketPipelineSink.java:283)
	at java.util.concurrent.ThreadPoolExecutor.runWorker(ThreadPoolExecutor.java:1149)
	at java.util.concurrent.ThreadPoolExecutor$Worker.run(ThreadPoolExecutor.java:624)
	at java.lang.Thread.run(Thread.java:748)
2018-05-20 14:30:45,304   [DUBBO] Failed to init remote service reference at filed schoolService in class com.tyut.web.controller.SchoolController, cause: Failed to check the status of the service com.tyut.school.service.SchoolService. No provider available for the service com.tyut.school.service.SchoolService:2.0.1 from the url zookeeper://47.104.209.96:2181/com.alibaba.dubbo.registry.RegistryService?anyhost=true&application=user-web&check=false&dubbo=2.5.3&interface=com.tyut.school.service.SchoolService&loadbalance=random&methods=selectAll,update,insert,selectById,selectLike&pid=12584&revision=2.0.1&side=consumer&timestamp=1526797843441&version=2.0.1 to the consumer 192.168.218.1 use dubbo version 2.5.3, dubbo version: 2.5.3, current host: 192.168.218.1
java.lang.IllegalStateException: Failed to check the status of the service com.tyut.school.service.SchoolService. No provider available for the service com.tyut.school.service.SchoolService:2.0.1 from the url zookeeper://47.104.209.96:2181/com.alibaba.dubbo.registry.RegistryService?anyhost=true&application=user-web&check=false&dubbo=2.5.3&interface=com.tyut.school.service.SchoolService&loadbalance=random&methods=selectAll,update,insert,selectById,selectLike&pid=12584&revision=2.0.1&side=consumer&timestamp=1526797843441&version=2.0.1 to the consumer 192.168.218.1 use dubbo version 2.5.3
	at com.alibaba.dubbo.config.ReferenceConfig.createProxy(ReferenceConfig.java:420)
	at com.alibaba.dubbo.config.ReferenceConfig.init(ReferenceConfig.java:300)
	at com.alibaba.dubbo.config.ReferenceConfig.get(ReferenceConfig.java:138)
	at com.alibaba.dubbo.config.spring.AnnotationBean.refer(AnnotationBean.java:302)
	at com.alibaba.dubbo.config.spring.AnnotationBean.postProcessBeforeInitialization(AnnotationBean.java:233)
	at org.springframework.beans.factory.support.AbstractAutowireCapableBeanFactory.applyBeanPostProcessorsBeforeInitialization(AbstractAutowireCapableBeanFactory.java:409)
	at org.springframework.beans.factory.support.AbstractAutowireCapableBeanFactory.initializeBean(AbstractAutowireCapableBeanFactory.java:1620)
	at org.springframework.beans.factory.support.AbstractAutowireCapableBeanFactory.doCreateBean(AbstractAutowireCapableBeanFactory.java:555)
	at org.springframework.beans.factory.support.AbstractAutowireCapableBeanFactory.createBean(AbstractAutowireCapableBeanFactory.java:483)
	at org.springframework.beans.factory.support.AbstractBeanFactory$1.getObject(AbstractBeanFactory.java:306)
	at org.springframework.beans.factory.support.DefaultSingletonBeanRegistry.getSingleton(DefaultSingletonBeanRegistry.java:230)
	at org.springframework.beans.factory.support.AbstractBeanFactory.doGetBean(AbstractBeanFactory.java:302)
	at org.springframework.beans.factory.support.AbstractBeanFactory.getBean(AbstractBeanFactory.java:197)
	at org.springframework.beans.factory.support.DefaultListableBeanFactory.preInstantiateSingletons(DefaultListableBeanFactory.java:761)
	at org.springframework.context.support.AbstractApplicationContext.finishBeanFactoryInitialization(AbstractApplicationContext.java:867)
	at org.springframework.context.support.AbstractApplicationContext.refresh(AbstractApplicationContext.java:543)
	at org.springframework.boot.context.embedded.EmbeddedWebApplicationContext.refresh(EmbeddedWebApplicationContext.java:122)
	at org.springframework.boot.SpringApplication.refresh(SpringApplication.java:693)
	at org.springframework.boot.SpringApplication.refreshContext(SpringApplication.java:360)
	at org.springframework.boot.SpringApplication.run(SpringApplication.java:303)
	at org.springframework.boot.SpringApplication.run(SpringApplication.java:1118)
	at org.springframework.boot.SpringApplication.run(SpringApplication.java:1107)
	at com.tyut.web.Web.main(Web.java:16)
2018-05-20 14:45:40,447   [DUBBO] client reconnect to 172.31.234.97:20883 find error . url: dubbo://172.31.234.97:20883/com.tyut.notice.service.CompetitionService?anyhost=true&application=user-web&check=false&codec=dubbo&dubbo=2.5.3&heartbeat=60000&interface=com.tyut.notice.service.CompetitionService&methods=selectById&pid=12584&revision=2.0.0&side=consumer&timestamp=1526797827719&version=2.0.0, dubbo version: 2.5.3, current host: 192.168.218.1
com.alibaba.dubbo.remoting.RemotingException: client(url: dubbo://172.31.234.97:20883/com.tyut.notice.service.CompetitionService?anyhost=true&application=user-web&check=false&codec=dubbo&dubbo=2.5.3&heartbeat=60000&interface=com.tyut.notice.service.CompetitionService&methods=selectById&pid=12584&revision=2.0.0&side=consumer&timestamp=1526797827719&version=2.0.0) failed to connect to server /172.31.234.97:20883, error message is:connection timed out
	at com.alibaba.dubbo.remoting.transport.netty.NettyClient.doConnect(NettyClient.java:124)
	at com.alibaba.dubbo.remoting.transport.AbstractClient.connect(AbstractClient.java:280)
	at com.alibaba.dubbo.remoting.transport.AbstractClient$1.run(AbstractClient.java:145)
	at java.util.concurrent.Executors$RunnableAdapter.call(Executors.java:511)
	at java.util.concurrent.FutureTask.runAndReset(FutureTask.java:308)
	at java.util.concurrent.ScheduledThreadPoolExecutor$ScheduledFutureTask.access$301(ScheduledThreadPoolExecutor.java:180)
	at java.util.concurrent.ScheduledThreadPoolExecutor$ScheduledFutureTask.run(ScheduledThreadPoolExecutor.java:294)
	at java.util.concurrent.ThreadPoolExecutor.runWorker(ThreadPoolExecutor.java:1149)
	at java.util.concurrent.ThreadPoolExecutor$Worker.run(ThreadPoolExecutor.java:624)
	at java.lang.Thread.run(Thread.java:748)
Caused by: java.net.ConnectException: connection timed out
	at org.jboss.netty.channel.socket.nio.NioClientSocketPipelineSink$Boss.processConnectTimeout(NioClientSocketPipelineSink.java:371)
	at org.jboss.netty.channel.socket.nio.NioClientSocketPipelineSink$Boss.run(NioClientSocketPipelineSink.java:283)
	... 3 common frames omitted
2018-05-20 14:45:41,602   [DUBBO] client reconnect to 172.31.234.97:20880 find error . url: dubbo://172.31.234.97:20880/com.tyut.user.service.UserEduService?anyhost=true&application=user-web&check=false&codec=dubbo&dubbo=2.5.3&heartbeat=60000&interface=com.tyut.user.service.UserEduService&methods=getAll&pid=12584&revision=2.0.0&side=consumer&timestamp=1526797838948&version=2.0.0, dubbo version: 2.5.3, current host: 192.168.218.1
com.alibaba.dubbo.remoting.RemotingException: client(url: dubbo://172.31.234.97:20880/com.tyut.user.service.UserEduService?anyhost=true&application=user-web&check=false&codec=dubbo&dubbo=2.5.3&heartbeat=60000&interface=com.tyut.user.service.UserEduService&methods=getAll&pid=12584&revision=2.0.0&side=consumer&timestamp=1526797838948&version=2.0.0) failed to connect to server /172.31.234.97:20880, error message is:connection timed out
	at com.alibaba.dubbo.remoting.transport.netty.NettyClient.doConnect(NettyClient.java:124)
	at com.alibaba.dubbo.remoting.transport.AbstractClient.connect(AbstractClient.java:280)
	at com.alibaba.dubbo.remoting.transport.AbstractClient$1.run(AbstractClient.java:145)
	at java.util.concurrent.Executors$RunnableAdapter.call(Executors.java:511)
	at java.util.concurrent.FutureTask.runAndReset(FutureTask.java:308)
	at java.util.concurrent.ScheduledThreadPoolExecutor$ScheduledFutureTask.access$301(ScheduledThreadPoolExecutor.java:180)
	at java.util.concurrent.ScheduledThreadPoolExecutor$ScheduledFutureTask.run(ScheduledThreadPoolExecutor.java:294)
	at java.util.concurrent.ThreadPoolExecutor.runWorker(ThreadPoolExecutor.java:1149)
	at java.util.concurrent.ThreadPoolExecutor$Worker.run(ThreadPoolExecutor.java:624)
	at java.lang.Thread.run(Thread.java:748)
Caused by: java.net.ConnectException: connection timed out
	at org.jboss.netty.channel.socket.nio.NioClientSocketPipelineSink$Boss.processConnectTimeout(NioClientSocketPipelineSink.java:371)
	at org.jboss.netty.channel.socket.nio.NioClientSocketPipelineSink$Boss.run(NioClientSocketPipelineSink.java:283)
	... 3 common frames omitted
2018-05-20 14:45:46,457   [DUBBO] client reconnect to 172.31.234.97:20882 find error . url: dubbo://172.31.234.97:20882/com.tyut.school.service.SchoolService?anyhost=true&application=user-web&check=false&codec=dubbo&dubbo=2.5.3&heartbeat=60000&interface=com.tyut.school.service.SchoolService&loadbalance=random&methods=selectAll,update,insert,selectById,selectLike&pid=12584&revision=2.0.1&side=consumer&timestamp=1526797843441&version=2.0.1, dubbo version: 2.5.3, current host: 192.168.218.1
com.alibaba.dubbo.remoting.RemotingException: client(url: dubbo://172.31.234.97:20882/com.tyut.school.service.SchoolService?anyhost=true&application=user-web&check=false&codec=dubbo&dubbo=2.5.3&heartbeat=60000&interface=com.tyut.school.service.SchoolService&loadbalance=random&methods=selectAll,update,insert,selectById,selectLike&pid=12584&revision=2.0.1&side=consumer&timestamp=1526797843441&version=2.0.1) failed to connect to server /172.31.234.97:20882, error message is:connection timed out
	at com.alibaba.dubbo.remoting.transport.netty.NettyClient.doConnect(NettyClient.java:124)
	at com.alibaba.dubbo.remoting.transport.AbstractClient.connect(AbstractClient.java:280)
	at com.alibaba.dubbo.remoting.transport.AbstractClient$1.run(AbstractClient.java:145)
	at java.util.concurrent.Executors$RunnableAdapter.call(Executors.java:511)
	at java.util.concurrent.FutureTask.runAndReset(FutureTask.java:308)
	at java.util.concurrent.ScheduledThreadPoolExecutor$ScheduledFutureTask.access$301(ScheduledThreadPoolExecutor.java:180)
	at java.util.concurrent.ScheduledThreadPoolExecutor$ScheduledFutureTask.run(ScheduledThreadPoolExecutor.java:294)
	at java.util.concurrent.ThreadPoolExecutor.runWorker(ThreadPoolExecutor.java:1149)
	at java.util.concurrent.ThreadPoolExecutor$Worker.run(ThreadPoolExecutor.java:624)
	at java.lang.Thread.run(Thread.java:748)
Caused by: java.net.ConnectException: connection timed out
	at org.jboss.netty.channel.socket.nio.NioClientSocketPipelineSink$Boss.processConnectTimeout(NioClientSocketPipelineSink.java:371)
	at org.jboss.netty.channel.socket.nio.NioClientSocketPipelineSink$Boss.run(NioClientSocketPipelineSink.java:283)
	... 3 common frames omitted
